<?xml version="1.0" encoding="UTF-8" standalone="no"?>
<!DOCTYPE log SYSTEM "logger.dtd">
<log>
<record>
  <date>2019-06-03T12:38:08</date>
  <millis>1559558288020</millis>
  <sequence>0</sequence>
  <level>START</level>
  <class>com.kms.katalon.core.logging.XmlKeywordLogger</class>
  <method>startSuite</method>
  <thread>1</thread>
  <message>Start Test Suite : Test Suites/DataDriven_DeleteCustomer</message>
  <nestedLevel>0</nestedLevel>
  <property name="name">DataDriven_DeleteCustomer</property>
  <property name="description"></property>
  <property name="id">Test Suites/DataDriven_DeleteCustomer</property>
</record>
<record>
  <date>2019-06-03T12:38:08</date>
  <millis>1559558288031</millis>
  <sequence>1</sequence>
  <level>RUN_DATA</level>
  <class>com.kms.katalon.core.logging.XmlKeywordLogger</class>
  <method>logMessage</method>
  <thread>1</thread>
  <message>hostName = Matthias.Meier - DOPCMKG100.kps.kps-consulting.com</message>
  <nestedLevel>0</nestedLevel>
  <property name="hostName">Matthias.Meier - DOPCMKG100.kps.kps-consulting.com</property>
</record>
<record>
  <date>2019-06-03T12:38:08</date>
  <millis>1559558288032</millis>
  <sequence>2</sequence>
  <level>RUN_DATA</level>
  <class>com.kms.katalon.core.logging.XmlKeywordLogger</class>
  <method>logMessage</method>
  <thread>1</thread>
  <message>os = Windows 10 64bit</message>
  <nestedLevel>0</nestedLevel>
  <property name="os">Windows 10 64bit</property>
</record>
<record>
  <date>2019-06-03T12:38:08</date>
  <millis>1559558288033</millis>
  <sequence>3</sequence>
  <level>RUN_DATA</level>
  <class>com.kms.katalon.core.logging.XmlKeywordLogger</class>
  <method>logMessage</method>
  <thread>1</thread>
  <message>hostAddress = 10.10.40.135</message>
  <nestedLevel>0</nestedLevel>
  <property name="hostAddress">10.10.40.135</property>
</record>
<record>
  <date>2019-06-03T12:38:08</date>
  <millis>1559558288033</millis>
  <sequence>4</sequence>
  <level>RUN_DATA</level>
  <class>com.kms.katalon.core.logging.XmlKeywordLogger</class>
  <method>logMessage</method>
  <thread>1</thread>
  <message>katalonVersion = 6.1.5.3</message>
  <nestedLevel>0</nestedLevel>
  <property name="katalonVersion">6.1.5.3</property>
</record>
<record>
  <date>2019-06-03T12:38:08</date>
  <millis>1559558288034</millis>
  <sequence>5</sequence>
  <level>RUN_DATA</level>
  <class>com.kms.katalon.core.logging.XmlKeywordLogger</class>
  <method>logMessage</method>
  <thread>1</thread>
  <message>dbServerInfo = MySQL 5.7.18-log</message>
  <nestedLevel>0</nestedLevel>
  <property name="dbServerInfo">MySQL 5.7.18-log</property>
</record>
<record>
  <date>2019-06-03T12:38:08</date>
  <millis>1559558288197</millis>
  <sequence>6</sequence>
  <level>START</level>
  <class>com.kms.katalon.core.logging.XmlKeywordLogger</class>
  <method>startTest</method>
  <thread>1</thread>
  <message>Start Test Case : Test Cases/TC_012_DeleteRequest _DataDriven_Customer</message>
  <nestedLevel>1</nestedLevel>
  <property name="name">Test Cases/TC_012_DeleteRequest _DataDriven_Customer</property>
  <property name="description"></property>
  <property name="id">Test Cases/TC_012_DeleteRequest _DataDriven_Customer</property>
  <property name="source">C:\\Users\\matthias.meier\\Katalon Studio\\RestTesting_CustomerAPI\\Test Cases\\TC_012_DeleteRequest _DataDriven_Customer.tc</property>
  <property name="tag"></property>
  <property name="isOptional">false</property>
</record>
<record>
  <date>2019-06-03T12:38:08</date>
  <millis>1559558288215</millis>
  <sequence>8</sequence>
  <level>INFO</level>
  <class>com.kms.katalon.core.logging.XmlKeywordLogger</class>
  <method>logMessage</method>
  <thread>1</thread>
  <message>CID = cust6855296</message>
  <nestedLevel>1</nestedLevel>
</record>
<record>
  <date>2019-06-03T12:38:08</date>
  <millis>1559558288492</millis>
  <sequence>9</sequence>
  <level>START</level>
  <class>com.kms.katalon.core.logging.XmlKeywordLogger</class>
  <method>startKeyword</method>
  <thread>1</thread>
  <message>Start action : Res = sendRequest(findTestObject(\&amp;quot;DeleteCustomerID\&amp;quot;, [\&amp;quot;customerID\&amp;quot;:CID]))</message>
  <nestedLevel>1</nestedLevel>
  <property name="startLine">17</property>
  <property name="stepIndex">1</property>
</record>
<record>
  <date>2019-06-03T12:38:09</date>
  <millis>1559558289997</millis>
  <sequence>13</sequence>
  <level>INFO</level>
  <class>com.kms.katalon.core.logging.XmlKeywordLogger</class>
  <method>logMessage</method>
  <thread>1</thread>
  <message>HAR: C:\\Users\\matthias.meier\\Katalon Studio\\RestTesting_CustomerAPI\\Reports\\DataDriven_DeleteCustomer\\20190603_123806\\requests\\main\\0.har</message>
  <nestedLevel>1</nestedLevel>
  <property name="harId">7539b944-b020-4ebd-b009-3fd1e60e65d7</property>
</record>
<record>
  <date>2019-06-03T12:38:10</date>
  <millis>1559558290074</millis>
  <sequence>14</sequence>
  <level>PASSED</level>
  <class>com.kms.katalon.core.logging.XmlKeywordLogger</class>
  <method>logMessage</method>
  <thread>1</thread>
  <message>Send request successfully</message>
  <nestedLevel>1</nestedLevel>
</record>
<record>
  <date>2019-06-03T12:38:10</date>
  <millis>1559558290075</millis>
  <sequence>15</sequence>
  <level>END</level>
  <class>com.kms.katalon.core.logging.XmlKeywordLogger</class>
  <method>endKeyword</method>
  <thread>1</thread>
  <message>End action : Res = sendRequest(findTestObject(\&amp;quot;DeleteCustomerID\&amp;quot;, [\&amp;quot;customerID\&amp;quot;:CID]))</message>
  <nestedLevel>1</nestedLevel>
</record>
<record>
  <date>2019-06-03T12:38:10</date>
  <millis>1559558290075</millis>
  <sequence>16</sequence>
  <level>START</level>
  <class>com.kms.katalon.core.logging.XmlKeywordLogger</class>
  <method>startKeyword</method>
  <thread>1</thread>
  <message>Start action : verifyResponseStatusCode(Res, 204)</message>
  <nestedLevel>1</nestedLevel>
  <property name="startLine">19</property>
  <property name="stepIndex">2</property>
</record>
<record>
  <date>2019-06-03T12:38:10</date>
  <millis>1559558290083</millis>
  <sequence>18</sequence>
  <level>PASSED</level>
  <class>com.kms.katalon.core.logging.XmlKeywordLogger</class>
  <method>logMessage</method>
  <thread>1</thread>
  <message>Verify response status code successfully</message>
  <nestedLevel>1</nestedLevel>
</record>
<record>
  <date>2019-06-03T12:38:10</date>
  <millis>1559558290083</millis>
  <sequence>19</sequence>
  <level>END</level>
  <class>com.kms.katalon.core.logging.XmlKeywordLogger</class>
  <method>endKeyword</method>
  <thread>1</thread>
  <message>End action : verifyResponseStatusCode(Res, 204)</message>
  <nestedLevel>1</nestedLevel>
</record>
<record>
  <date>2019-06-03T12:38:10</date>
  <millis>1559558290083</millis>
  <sequence>20</sequence>
  <level>PASSED</level>
  <class>com.kms.katalon.core.logging.XmlKeywordLogger</class>
  <method>logMessage</method>
  <thread>1</thread>
  <message>Test Cases/TC_012_DeleteRequest _DataDriven_Customer</message>
  <nestedLevel>1</nestedLevel>
</record>
<record>
  <date>2019-06-03T12:38:10</date>
  <millis>1559558290092</millis>
  <sequence>21</sequence>
  <level>END</level>
  <class>com.kms.katalon.core.logging.XmlKeywordLogger</class>
  <method>endTest</method>
  <thread>1</thread>
  <message>End Test Case : Test Cases/TC_012_DeleteRequest _DataDriven_Customer</message>
  <nestedLevel>0</nestedLevel>
</record>
<record>
  <date>2019-06-03T12:38:10</date>
  <millis>1559558290097</millis>
  <sequence>22</sequence>
  <level>START</level>
  <class>com.kms.katalon.core.logging.XmlKeywordLogger</class>
  <method>startTest</method>
  <thread>1</thread>
  <message>Start Test Case : Test Cases/TC_012_DeleteRequest _DataDriven_Customer</message>
  <nestedLevel>1</nestedLevel>
  <property name="name">Test Cases/TC_012_DeleteRequest _DataDriven_Customer</property>
  <property name="description"></property>
  <property name="id">Test Cases/TC_012_DeleteRequest _DataDriven_Customer</property>
  <property name="source">C:\\Users\\matthias.meier\\Katalon Studio\\RestTesting_CustomerAPI\\Test Cases\\TC_012_DeleteRequest _DataDriven_Customer.tc</property>
  <property name="tag"></property>
  <property name="isOptional">false</property>
</record>
<record>
  <date>2019-06-03T12:38:10</date>
  <millis>1559558290103</millis>
  <sequence>24</sequence>
  <level>INFO</level>
  <class>com.kms.katalon.core.logging.XmlKeywordLogger</class>
  <method>logMessage</method>
  <thread>1</thread>
  <message>CID = cust6889091</message>
  <nestedLevel>1</nestedLevel>
</record>
<record>
  <date>2019-06-03T12:38:10</date>
  <millis>1559558290105</millis>
  <sequence>25</sequence>
  <level>START</level>
  <class>com.kms.katalon.core.logging.XmlKeywordLogger</class>
  <method>startKeyword</method>
  <thread>1</thread>
  <message>Start action : Res = sendRequest(findTestObject(\&amp;quot;DeleteCustomerID\&amp;quot;, [\&amp;quot;customerID\&amp;quot;:CID]))</message>
  <nestedLevel>1</nestedLevel>
  <property name="startLine">17</property>
  <property name="stepIndex">1</property>
</record>
<record>
  <date>2019-06-03T12:38:10</date>
  <millis>1559558290143</millis>
  <sequence>29</sequence>
  <level>INFO</level>
  <class>com.kms.katalon.core.logging.XmlKeywordLogger</class>
  <method>logMessage</method>
  <thread>1</thread>
  <message>HAR: C:\\Users\\matthias.meier\\Katalon Studio\\RestTesting_CustomerAPI\\Reports\\DataDriven_DeleteCustomer\\20190603_123806\\requests\\main\\1.har</message>
  <nestedLevel>1</nestedLevel>
  <property name="harId">3edfd2e9-c8b2-4c71-9c45-2042b273e195</property>
</record>
<record>
  <date>2019-06-03T12:38:10</date>
  <millis>1559558290146</millis>
  <sequence>30</sequence>
  <level>PASSED</level>
  <class>com.kms.katalon.core.logging.XmlKeywordLogger</class>
  <method>logMessage</method>
  <thread>1</thread>
  <message>Send request successfully</message>
  <nestedLevel>1</nestedLevel>
</record>
<record>
  <date>2019-06-03T12:38:10</date>
  <millis>1559558290146</millis>
  <sequence>31</sequence>
  <level>END</level>
  <class>com.kms.katalon.core.logging.XmlKeywordLogger</class>
  <method>endKeyword</method>
  <thread>1</thread>
  <message>End action : Res = sendRequest(findTestObject(\&amp;quot;DeleteCustomerID\&amp;quot;, [\&amp;quot;customerID\&amp;quot;:CID]))</message>
  <nestedLevel>1</nestedLevel>
</record>
<record>
  <date>2019-06-03T12:38:10</date>
  <millis>1559558290146</millis>
  <sequence>32</sequence>
  <level>START</level>
  <class>com.kms.katalon.core.logging.XmlKeywordLogger</class>
  <method>startKeyword</method>
  <thread>1</thread>
  <message>Start action : verifyResponseStatusCode(Res, 204)</message>
  <nestedLevel>1</nestedLevel>
  <property name="startLine">19</property>
  <property name="stepIndex">2</property>
</record>
<record>
  <date>2019-06-03T12:38:10</date>
  <millis>1559558290148</millis>
  <sequence>34</sequence>
  <level>PASSED</level>
  <class>com.kms.katalon.core.logging.XmlKeywordLogger</class>
  <method>logMessage</method>
  <thread>1</thread>
  <message>Verify response status code successfully</message>
  <nestedLevel>1</nestedLevel>
</record>
<record>
  <date>2019-06-03T12:38:10</date>
  <millis>1559558290148</millis>
  <sequence>35</sequence>
  <level>END</level>
  <class>com.kms.katalon.core.logging.XmlKeywordLogger</class>
  <method>endKeyword</method>
  <thread>1</thread>
  <message>End action : verifyResponseStatusCode(Res, 204)</message>
  <nestedLevel>1</nestedLevel>
</record>
<record>
  <date>2019-06-03T12:38:10</date>
  <millis>1559558290148</millis>
  <sequence>36</sequence>
  <level>PASSED</level>
  <class>com.kms.katalon.core.logging.XmlKeywordLogger</class>
  <method>logMessage</method>
  <thread>1</thread>
  <message>Test Cases/TC_012_DeleteRequest _DataDriven_Customer</message>
  <nestedLevel>1</nestedLevel>
</record>
<record>
  <date>2019-06-03T12:38:10</date>
  <millis>1559558290148</millis>
  <sequence>37</sequence>
  <level>END</level>
  <class>com.kms.katalon.core.logging.XmlKeywordLogger</class>
  <method>endTest</method>
  <thread>1</thread>
  <message>End Test Case : Test Cases/TC_012_DeleteRequest _DataDriven_Customer</message>
  <nestedLevel>0</nestedLevel>
</record>
<record>
  <date>2019-06-03T12:38:10</date>
  <millis>1559558290151</millis>
  <sequence>38</sequence>
  <level>START</level>
  <class>com.kms.katalon.core.logging.XmlKeywordLogger</class>
  <method>startTest</method>
  <thread>1</thread>
  <message>Start Test Case : Test Cases/TC_012_DeleteRequest _DataDriven_Customer</message>
  <nestedLevel>1</nestedLevel>
  <property name="name">Test Cases/TC_012_DeleteRequest _DataDriven_Customer</property>
  <property name="description"></property>
  <property name="id">Test Cases/TC_012_DeleteRequest _DataDriven_Customer</property>
  <property name="source">C:\\Users\\matthias.meier\\Katalon Studio\\RestTesting_CustomerAPI\\Test Cases\\TC_012_DeleteRequest _DataDriven_Customer.tc</property>
  <property name="tag"></property>
  <property name="isOptional">false</property>
</record>
<record>
  <date>2019-06-03T12:38:10</date>
  <millis>1559558290156</millis>
  <sequence>40</sequence>
  <level>INFO</level>
  <class>com.kms.katalon.core.logging.XmlKeywordLogger</class>
  <method>logMessage</method>
  <thread>1</thread>
  <message>CID = cust7897221</message>
  <nestedLevel>1</nestedLevel>
</record>
<record>
  <date>2019-06-03T12:38:10</date>
  <millis>1559558290158</millis>
  <sequence>41</sequence>
  <level>START</level>
  <class>com.kms.katalon.core.logging.XmlKeywordLogger</class>
  <method>startKeyword</method>
  <thread>1</thread>
  <message>Start action : Res = sendRequest(findTestObject(\&amp;quot;DeleteCustomerID\&amp;quot;, [\&amp;quot;customerID\&amp;quot;:CID]))</message>
  <nestedLevel>1</nestedLevel>
  <property name="startLine">17</property>
  <property name="stepIndex">1</property>
</record>
<record>
  <date>2019-06-03T12:38:10</date>
  <millis>1559558290198</millis>
  <sequence>45</sequence>
  <level>INFO</level>
  <class>com.kms.katalon.core.logging.XmlKeywordLogger</class>
  <method>logMessage</method>
  <thread>1</thread>
  <message>HAR: C:\\Users\\matthias.meier\\Katalon Studio\\RestTesting_CustomerAPI\\Reports\\DataDriven_DeleteCustomer\\20190603_123806\\requests\\main\\2.har</message>
  <nestedLevel>1</nestedLevel>
  <property name="harId">4f954f7c-9244-4c6b-a8af-1e7aea99fad9</property>
</record>
<record>
  <date>2019-06-03T12:38:10</date>
  <millis>1559558290200</millis>
  <sequence>46</sequence>
  <level>PASSED</level>
  <class>com.kms.katalon.core.logging.XmlKeywordLogger</class>
  <method>logMessage</method>
  <thread>1</thread>
  <message>Send request successfully</message>
  <nestedLevel>1</nestedLevel>
</record>
<record>
  <date>2019-06-03T12:38:10</date>
  <millis>1559558290200</millis>
  <sequence>47</sequence>
  <level>END</level>
  <class>com.kms.katalon.core.logging.XmlKeywordLogger</class>
  <method>endKeyword</method>
  <thread>1</thread>
  <message>End action : Res = sendRequest(findTestObject(\&amp;quot;DeleteCustomerID\&amp;quot;, [\&amp;quot;customerID\&amp;quot;:CID]))</message>
  <nestedLevel>1</nestedLevel>
</record>
<record>
  <date>2019-06-03T12:38:10</date>
  <millis>1559558290200</millis>
  <sequence>48</sequence>
  <level>START</level>
  <class>com.kms.katalon.core.logging.XmlKeywordLogger</class>
  <method>startKeyword</method>
  <thread>1</thread>
  <message>Start action : verifyResponseStatusCode(Res, 204)</message>
  <nestedLevel>1</nestedLevel>
  <property name="startLine">19</property>
  <property name="stepIndex">2</property>
</record>
<record>
  <date>2019-06-03T12:38:10</date>
  <millis>1559558290202</millis>
  <sequence>50</sequence>
  <level>PASSED</level>
  <class>com.kms.katalon.core.logging.XmlKeywordLogger</class>
  <method>logMessage</method>
  <thread>1</thread>
  <message>Verify response status code successfully</message>
  <nestedLevel>1</nestedLevel>
</record>
<record>
  <date>2019-06-03T12:38:10</date>
  <millis>1559558290202</millis>
  <sequence>51</sequence>
  <level>END</level>
  <class>com.kms.katalon.core.logging.XmlKeywordLogger</class>
  <method>endKeyword</method>
  <thread>1</thread>
  <message>End action : verifyResponseStatusCode(Res, 204)</message>
  <nestedLevel>1</nestedLevel>
</record>
<record>
  <date>2019-06-03T12:38:10</date>
  <millis>1559558290202</millis>
  <sequence>52</sequence>
  <level>PASSED</level>
  <class>com.kms.katalon.core.logging.XmlKeywordLogger</class>
  <method>logMessage</method>
  <thread>1</thread>
  <message>Test Cases/TC_012_DeleteRequest _DataDriven_Customer</message>
  <nestedLevel>1</nestedLevel>
</record>
<record>
  <date>2019-06-03T12:38:10</date>
  <millis>1559558290203</millis>
  <sequence>53</sequence>
  <level>END</level>
  <class>com.kms.katalon.core.logging.XmlKeywordLogger</class>
  <method>endTest</method>
  <thread>1</thread>
  <message>End Test Case : Test Cases/TC_012_DeleteRequest _DataDriven_Customer</message>
  <nestedLevel>0</nestedLevel>
</record>
<record>
  <date>2019-06-03T12:38:10</date>
  <millis>1559558290207</millis>
  <sequence>54</sequence>
  <level>START</level>
  <class>com.kms.katalon.core.logging.XmlKeywordLogger</class>
  <method>startTest</method>
  <thread>1</thread>
  <message>Start Test Case : Test Cases/TC_012_DeleteRequest _DataDriven_Customer</message>
  <nestedLevel>1</nestedLevel>
  <property name="name">Test Cases/TC_012_DeleteRequest _DataDriven_Customer</property>
  <property name="description"></property>
  <property name="id">Test Cases/TC_012_DeleteRequest _DataDriven_Customer</property>
  <property name="source">C:\\Users\\matthias.meier\\Katalon Studio\\RestTesting_CustomerAPI\\Test Cases\\TC_012_DeleteRequest _DataDriven_Customer.tc</property>
  <property name="tag"></property>
  <property name="isOptional">false</property>
</record>
<record>
  <date>2019-06-03T12:38:10</date>
  <millis>1559558290212</millis>
  <sequence>56</sequence>
  <level>INFO</level>
  <class>com.kms.katalon.core.logging.XmlKeywordLogger</class>
  <method>logMessage</method>
  <thread>1</thread>
  <message>CID = cust8126075</message>
  <nestedLevel>1</nestedLevel>
</record>
<record>
  <date>2019-06-03T12:38:10</date>
  <millis>1559558290213</millis>
  <sequence>57</sequence>
  <level>START</level>
  <class>com.kms.katalon.core.logging.XmlKeywordLogger</class>
  <method>startKeyword</method>
  <thread>1</thread>
  <message>Start action : Res = sendRequest(findTestObject(\&amp;quot;DeleteCustomerID\&amp;quot;, [\&amp;quot;customerID\&amp;quot;:CID]))</message>
  <nestedLevel>1</nestedLevel>
  <property name="startLine">17</property>
  <property name="stepIndex">1</property>
</record>
<record>
  <date>2019-06-03T12:38:10</date>
  <millis>1559558290252</millis>
  <sequence>61</sequence>
  <level>INFO</level>
  <class>com.kms.katalon.core.logging.XmlKeywordLogger</class>
  <method>logMessage</method>
  <thread>1</thread>
  <message>HAR: C:\\Users\\matthias.meier\\Katalon Studio\\RestTesting_CustomerAPI\\Reports\\DataDriven_DeleteCustomer\\20190603_123806\\requests\\main\\3.har</message>
  <nestedLevel>1</nestedLevel>
  <property name="harId">10f12e33-f36b-46aa-b9a0-8b4fae77ab40</property>
</record>
<record>
  <date>2019-06-03T12:38:10</date>
  <millis>1559558290254</millis>
  <sequence>62</sequence>
  <level>PASSED</level>
  <class>com.kms.katalon.core.logging.XmlKeywordLogger</class>
  <method>logMessage</method>
  <thread>1</thread>
  <message>Send request successfully</message>
  <nestedLevel>1</nestedLevel>
</record>
<record>
  <date>2019-06-03T12:38:10</date>
  <millis>1559558290255</millis>
  <sequence>63</sequence>
  <level>END</level>
  <class>com.kms.katalon.core.logging.XmlKeywordLogger</class>
  <method>endKeyword</method>
  <thread>1</thread>
  <message>End action : Res = sendRequest(findTestObject(\&amp;quot;DeleteCustomerID\&amp;quot;, [\&amp;quot;customerID\&amp;quot;:CID]))</message>
  <nestedLevel>1</nestedLevel>
</record>
<record>
  <date>2019-06-03T12:38:10</date>
  <millis>1559558290255</millis>
  <sequence>64</sequence>
  <level>START</level>
  <class>com.kms.katalon.core.logging.XmlKeywordLogger</class>
  <method>startKeyword</method>
  <thread>1</thread>
  <message>Start action : verifyResponseStatusCode(Res, 204)</message>
  <nestedLevel>1</nestedLevel>
  <property name="startLine">19</property>
  <property name="stepIndex">2</property>
</record>
<record>
  <date>2019-06-03T12:38:10</date>
  <millis>1559558290261</millis>
  <sequence>66</sequence>
  <level>PASSED</level>
  <class>com.kms.katalon.core.logging.XmlKeywordLogger</class>
  <method>logMessage</method>
  <thread>1</thread>
  <message>Verify response status code successfully</message>
  <nestedLevel>1</nestedLevel>
</record>
<record>
  <date>2019-06-03T12:38:10</date>
  <millis>1559558290261</millis>
  <sequence>67</sequence>
  <level>END</level>
  <class>com.kms.katalon.core.logging.XmlKeywordLogger</class>
  <method>endKeyword</method>
  <thread>1</thread>
  <message>End action : verifyResponseStatusCode(Res, 204)</message>
  <nestedLevel>1</nestedLevel>
</record>
<record>
  <date>2019-06-03T12:38:10</date>
  <millis>1559558290262</millis>
  <sequence>68</sequence>
  <level>PASSED</level>
  <class>com.kms.katalon.core.logging.XmlKeywordLogger</class>
  <method>logMessage</method>
  <thread>1</thread>
  <message>Test Cases/TC_012_DeleteRequest _DataDriven_Customer</message>
  <nestedLevel>1</nestedLevel>
</record>
<record>
  <date>2019-06-03T12:38:10</date>
  <millis>1559558290262</millis>
  <sequence>69</sequence>
  <level>END</level>
  <class>com.kms.katalon.core.logging.XmlKeywordLogger</class>
  <method>endTest</method>
  <thread>1</thread>
  <message>End Test Case : Test Cases/TC_012_DeleteRequest _DataDriven_Customer</message>
  <nestedLevel>0</nestedLevel>
</record>
<record>
  <date>2019-06-03T12:38:10</date>
  <millis>1559558290265</millis>
  <sequence>70</sequence>
  <level>START</level>
  <class>com.kms.katalon.core.logging.XmlKeywordLogger</class>
  <method>startTest</method>
  <thread>1</thread>
  <message>Start Test Case : Test Cases/TC_012_DeleteRequest _DataDriven_Customer</message>
  <nestedLevel>1</nestedLevel>
  <property name="name">Test Cases/TC_012_DeleteRequest _DataDriven_Customer</property>
  <property name="description"></property>
  <property name="id">Test Cases/TC_012_DeleteRequest _DataDriven_Customer</property>
  <property name="source">C:\\Users\\matthias.meier\\Katalon Studio\\RestTesting_CustomerAPI\\Test Cases\\TC_012_DeleteRequest _DataDriven_Customer.tc</property>
  <property name="tag"></property>
  <property name="isOptional">false</property>
</record>
<record>
  <date>2019-06-03T12:38:10</date>
  <millis>1559558290270</millis>
  <sequence>72</sequence>
  <level>INFO</level>
  <class>com.kms.katalon.core.logging.XmlKeywordLogger</class>
  <method>logMessage</method>
  <thread>1</thread>
  <message>CID = cust8656922</message>
  <nestedLevel>1</nestedLevel>
</record>
<record>
  <date>2019-06-03T12:38:10</date>
  <millis>1559558290271</millis>
  <sequence>73</sequence>
  <level>START</level>
  <class>com.kms.katalon.core.logging.XmlKeywordLogger</class>
  <method>startKeyword</method>
  <thread>1</thread>
  <message>Start action : Res = sendRequest(findTestObject(\&amp;quot;DeleteCustomerID\&amp;quot;, [\&amp;quot;customerID\&amp;quot;:CID]))</message>
  <nestedLevel>1</nestedLevel>
  <property name="startLine">17</property>
  <property name="stepIndex">1</property>
</record>
<record>
  <date>2019-06-03T12:38:10</date>
  <millis>1559558290304</millis>
  <sequence>77</sequence>
  <level>INFO</level>
  <class>com.kms.katalon.core.logging.XmlKeywordLogger</class>
  <method>logMessage</method>
  <thread>1</thread>
  <message>HAR: C:\\Users\\matthias.meier\\Katalon Studio\\RestTesting_CustomerAPI\\Reports\\DataDriven_DeleteCustomer\\20190603_123806\\requests\\main\\4.har</message>
  <nestedLevel>1</nestedLevel>
  <property name="harId">272263ac-e593-408b-a87b-1f49989b21d5</property>
</record>
<record>
  <date>2019-06-03T12:38:10</date>
  <millis>1559558290306</millis>
  <sequence>78</sequence>
  <level>PASSED</level>
  <class>com.kms.katalon.core.logging.XmlKeywordLogger</class>
  <method>logMessage</method>
  <thread>1</thread>
  <message>Send request successfully</message>
  <nestedLevel>1</nestedLevel>
</record>
<record>
  <date>2019-06-03T12:38:10</date>
  <millis>1559558290307</millis>
  <sequence>79</sequence>
  <level>END</level>
  <class>com.kms.katalon.core.logging.XmlKeywordLogger</class>
  <method>endKeyword</method>
  <thread>1</thread>
  <message>End action : Res = sendRequest(findTestObject(\&amp;quot;DeleteCustomerID\&amp;quot;, [\&amp;quot;customerID\&amp;quot;:CID]))</message>
  <nestedLevel>1</nestedLevel>
</record>
<record>
  <date>2019-06-03T12:38:10</date>
  <millis>1559558290307</millis>
  <sequence>80</sequence>
  <level>START</level>
  <class>com.kms.katalon.core.logging.XmlKeywordLogger</class>
  <method>startKeyword</method>
  <thread>1</thread>
  <message>Start action : verifyResponseStatusCode(Res, 204)</message>
  <nestedLevel>1</nestedLevel>
  <property name="startLine">19</property>
  <property name="stepIndex">2</property>
</record>
<record>
  <date>2019-06-03T12:38:10</date>
  <millis>1559558290309</millis>
  <sequence>82</sequence>
  <level>PASSED</level>
  <class>com.kms.katalon.core.logging.XmlKeywordLogger</class>
  <method>logMessage</method>
  <thread>1</thread>
  <message>Verify response status code successfully</message>
  <nestedLevel>1</nestedLevel>
</record>
<record>
  <date>2019-06-03T12:38:10</date>
  <millis>1559558290309</millis>
  <sequence>83</sequence>
  <level>END</level>
  <class>com.kms.katalon.core.logging.XmlKeywordLogger</class>
  <method>endKeyword</method>
  <thread>1</thread>
  <message>End action : verifyResponseStatusCode(Res, 204)</message>
  <nestedLevel>1</nestedLevel>
</record>
<record>
  <date>2019-06-03T12:38:10</date>
  <millis>1559558290310</millis>
  <sequence>84</sequence>
  <level>PASSED</level>
  <class>com.kms.katalon.core.logging.XmlKeywordLogger</class>
  <method>logMessage</method>
  <thread>1</thread>
  <message>Test Cases/TC_012_DeleteRequest _DataDriven_Customer</message>
  <nestedLevel>1</nestedLevel>
</record>
<record>
  <date>2019-06-03T12:38:10</date>
  <millis>1559558290310</millis>
  <sequence>85</sequence>
  <level>END</level>
  <class>com.kms.katalon.core.logging.XmlKeywordLogger</class>
  <method>endTest</method>
  <thread>1</thread>
  <message>End Test Case : Test Cases/TC_012_DeleteRequest _DataDriven_Customer</message>
  <nestedLevel>0</nestedLevel>
</record>
<record>
  <date>2019-06-03T12:38:10</date>
  <millis>1559558290312</millis>
  <sequence>86</sequence>
  <level>START</level>
  <class>com.kms.katalon.core.logging.XmlKeywordLogger</class>
  <method>startTest</method>
  <thread>1</thread>
  <message>Start Test Case : Test Cases/TC_012_DeleteRequest _DataDriven_Customer</message>
  <nestedLevel>1</nestedLevel>
  <property name="name">Test Cases/TC_012_DeleteRequest _DataDriven_Customer</property>
  <property name="description"></property>
  <property name="id">Test Cases/TC_012_DeleteRequest _DataDriven_Customer</property>
  <property name="source">C:\\Users\\matthias.meier\\Katalon Studio\\RestTesting_CustomerAPI\\Test Cases\\TC_012_DeleteRequest _DataDriven_Customer.tc</property>
  <property name="tag"></property>
  <property name="isOptional">false</property>
</record>
<record>
  <date>2019-06-03T12:38:10</date>
  <millis>1559558290315</millis>
  <sequence>88</sequence>
  <level>INFO</level>
  <class>com.kms.katalon.core.logging.XmlKeywordLogger</class>
  <method>logMessage</method>
  <thread>1</thread>
  <message>CID = cust9692966</message>
  <nestedLevel>1</nestedLevel>
</record>
<record>
  <date>2019-06-03T12:38:10</date>
  <millis>1559558290316</millis>
  <sequence>89</sequence>
  <level>START</level>
  <class>com.kms.katalon.core.logging.XmlKeywordLogger</class>
  <method>startKeyword</method>
  <thread>1</thread>
  <message>Start action : Res = sendRequest(findTestObject(\&amp;quot;DeleteCustomerID\&amp;quot;, [\&amp;quot;customerID\&amp;quot;:CID]))</message>
  <nestedLevel>1</nestedLevel>
  <property name="startLine">17</property>
  <property name="stepIndex">1</property>
</record>
<record>
  <date>2019-06-03T12:38:10</date>
  <millis>1559558290346</millis>
  <sequence>93</sequence>
  <level>INFO</level>
  <class>com.kms.katalon.core.logging.XmlKeywordLogger</class>
  <method>logMessage</method>
  <thread>1</thread>
  <message>HAR: C:\\Users\\matthias.meier\\Katalon Studio\\RestTesting_CustomerAPI\\Reports\\DataDriven_DeleteCustomer\\20190603_123806\\requests\\main\\5.har</message>
  <nestedLevel>1</nestedLevel>
  <property name="harId">87200f09-a4c8-4e29-b78e-e1477ff42c8e</property>
</record>
<record>
  <date>2019-06-03T12:38:10</date>
  <millis>1559558290348</millis>
  <sequence>94</sequence>
  <level>PASSED</level>
  <class>com.kms.katalon.core.logging.XmlKeywordLogger</class>
  <method>logMessage</method>
  <thread>1</thread>
  <message>Send request successfully</message>
  <nestedLevel>1</nestedLevel>
</record>
<record>
  <date>2019-06-03T12:38:10</date>
  <millis>1559558290349</millis>
  <sequence>95</sequence>
  <level>END</level>
  <class>com.kms.katalon.core.logging.XmlKeywordLogger</class>
  <method>endKeyword</method>
  <thread>1</thread>
  <message>End action : Res = sendRequest(findTestObject(\&amp;quot;DeleteCustomerID\&amp;quot;, [\&amp;quot;customerID\&amp;quot;:CID]))</message>
  <nestedLevel>1</nestedLevel>
</record>
<record>
  <date>2019-06-03T12:38:10</date>
  <millis>1559558290349</millis>
  <sequence>96</sequence>
  <level>START</level>
  <class>com.kms.katalon.core.logging.XmlKeywordLogger</class>
  <method>startKeyword</method>
  <thread>1</thread>
  <message>Start action : verifyResponseStatusCode(Res, 204)</message>
  <nestedLevel>1</nestedLevel>
  <property name="startLine">19</property>
  <property name="stepIndex">2</property>
</record>
<record>
  <date>2019-06-03T12:38:10</date>
  <millis>1559558290350</millis>
  <sequence>98</sequence>
  <level>PASSED</level>
  <class>com.kms.katalon.core.logging.XmlKeywordLogger</class>
  <method>logMessage</method>
  <thread>1</thread>
  <message>Verify response status code successfully</message>
  <nestedLevel>1</nestedLevel>
</record>
<record>
  <date>2019-06-03T12:38:10</date>
  <millis>1559558290351</millis>
  <sequence>99</sequence>
  <level>END</level>
  <class>com.kms.katalon.core.logging.XmlKeywordLogger</class>
  <method>endKeyword</method>
  <thread>1</thread>
  <message>End action : verifyResponseStatusCode(Res, 204)</message>
  <nestedLevel>1</nestedLevel>
</record>
<record>
  <date>2019-06-03T12:38:10</date>
  <millis>1559558290351</millis>
  <sequence>100</sequence>
  <level>PASSED</level>
  <class>com.kms.katalon.core.logging.XmlKeywordLogger</class>
  <method>logMessage</method>
  <thread>1</thread>
  <message>Test Cases/TC_012_DeleteRequest _DataDriven_Customer</message>
  <nestedLevel>1</nestedLevel>
</record>
<record>
  <date>2019-06-03T12:38:10</date>
  <millis>1559558290351</millis>
  <sequence>101</sequence>
  <level>END</level>
  <class>com.kms.katalon.core.logging.XmlKeywordLogger</class>
  <method>endTest</method>
  <thread>1</thread>
  <message>End Test Case : Test Cases/TC_012_DeleteRequest _DataDriven_Customer</message>
  <nestedLevel>0</nestedLevel>
</record>
<record>
  <date>2019-06-03T12:38:10</date>
  <millis>1559558290397</millis>
  <sequence>102</sequence>
  <level>END</level>
  <class>com.kms.katalon.core.logging.XmlKeywordLogger</class>
  <method>endSuite</method>
  <thread>1</thread>
  <message>End Test Suite : Test Suites/DataDriven_DeleteCustomer</message>
  <nestedLevel>0</nestedLevel>
</record>
</log>