<?xml version="1.0" encoding="UTF-8" standalone="no"?>
<!DOCTYPE log SYSTEM "logger.dtd">
<log>
<record>
  <date>2019-06-03T12:38:37</date>
  <millis>1559558317944</millis>
  <sequence>0</sequence>
  <level>START</level>
  <class>com.kms.katalon.core.logging.XmlKeywordLogger</class>
  <method>startSuite</method>
  <thread>1</thread>
  <message>Start Test Suite : Test Suites/DataDriven_CreateCustomer</message>
  <nestedLevel>0</nestedLevel>
  <property name="name">DataDriven_CreateCustomer</property>
  <property name="description"></property>
  <property name="id">Test Suites/DataDriven_CreateCustomer</property>
</record>
<record>
  <date>2019-06-03T12:38:37</date>
  <millis>1559558317955</millis>
  <sequence>1</sequence>
  <level>RUN_DATA</level>
  <class>com.kms.katalon.core.logging.XmlKeywordLogger</class>
  <method>logMessage</method>
  <thread>1</thread>
  <message>hostName = Matthias.Meier - DOPCMKG100.kps.kps-consulting.com</message>
  <nestedLevel>0</nestedLevel>
  <property name="hostName">Matthias.Meier - DOPCMKG100.kps.kps-consulting.com</property>
</record>
<record>
  <date>2019-06-03T12:38:37</date>
  <millis>1559558317955</millis>
  <sequence>2</sequence>
  <level>RUN_DATA</level>
  <class>com.kms.katalon.core.logging.XmlKeywordLogger</class>
  <method>logMessage</method>
  <thread>1</thread>
  <message>os = Windows 10 64bit</message>
  <nestedLevel>0</nestedLevel>
  <property name="os">Windows 10 64bit</property>
</record>
<record>
  <date>2019-06-03T12:38:37</date>
  <millis>1559558317956</millis>
  <sequence>3</sequence>
  <level>RUN_DATA</level>
  <class>com.kms.katalon.core.logging.XmlKeywordLogger</class>
  <method>logMessage</method>
  <thread>1</thread>
  <message>hostAddress = 10.10.40.135</message>
  <nestedLevel>0</nestedLevel>
  <property name="hostAddress">10.10.40.135</property>
</record>
<record>
  <date>2019-06-03T12:38:37</date>
  <millis>1559558317956</millis>
  <sequence>4</sequence>
  <level>RUN_DATA</level>
  <class>com.kms.katalon.core.logging.XmlKeywordLogger</class>
  <method>logMessage</method>
  <thread>1</thread>
  <message>katalonVersion = 6.1.5.3</message>
  <nestedLevel>0</nestedLevel>
  <property name="katalonVersion">6.1.5.3</property>
</record>
<record>
  <date>2019-06-03T12:38:38</date>
  <millis>1559558318124</millis>
  <sequence>5</sequence>
  <level>START</level>
  <class>com.kms.katalon.core.logging.XmlKeywordLogger</class>
  <method>startTest</method>
  <thread>1</thread>
  <message>Start Test Case : Test Cases/TC_010_PostRequest_DynamicData_Customer</message>
  <nestedLevel>1</nestedLevel>
  <property name="name">Test Cases/TC_010_PostRequest_DynamicData_Customer</property>
  <property name="description"></property>
  <property name="id">Test Cases/TC_010_PostRequest_DynamicData_Customer</property>
  <property name="source">C:\\Users\\matthias.meier\\Katalon Studio\\RestTesting_CustomerAPI\\Test Cases\\TC_010_PostRequest_DynamicData_Customer.tc</property>
  <property name="tag"></property>
  <property name="isOptional">false</property>
</record>
<record>
  <date>2019-06-03T12:38:38</date>
  <millis>1559558318141</millis>
  <sequence>7</sequence>
  <level>INFO</level>
  <class>com.kms.katalon.core.logging.XmlKeywordLogger</class>
  <method>logMessage</method>
  <thread>1</thread>
  <message>tc_fName = gerd</message>
  <nestedLevel>1</nestedLevel>
</record>
<record>
  <date>2019-06-03T12:38:38</date>
  <millis>1559558318142</millis>
  <sequence>8</sequence>
  <level>INFO</level>
  <class>com.kms.katalon.core.logging.XmlKeywordLogger</class>
  <method>logMessage</method>
  <thread>1</thread>
  <message>tc_lName = Podolski</message>
  <nestedLevel>1</nestedLevel>
</record>
<record>
  <date>2019-06-03T12:38:38</date>
  <millis>1559558318142</millis>
  <sequence>9</sequence>
  <level>INFO</level>
  <class>com.kms.katalon.core.logging.XmlKeywordLogger</class>
  <method>logMessage</method>
  <thread>1</thread>
  <message>tc_phone = 10008</message>
  <nestedLevel>1</nestedLevel>
</record>
<record>
  <date>2019-06-03T12:38:38</date>
  <millis>1559558318142</millis>
  <sequence>10</sequence>
  <level>INFO</level>
  <class>com.kms.katalon.core.logging.XmlKeywordLogger</class>
  <method>logMessage</method>
  <thread>1</thread>
  <message>tc_email = lp10@gmail.com</message>
  <nestedLevel>1</nestedLevel>
</record>
<record>
  <date>2019-06-03T12:38:38</date>
  <millis>1559558318142</millis>
  <sequence>11</sequence>
  <level>INFO</level>
  <class>com.kms.katalon.core.logging.XmlKeywordLogger</class>
  <method>logMessage</method>
  <thread>1</thread>
  <message>tc_address = Parkstrasse 3</message>
  <nestedLevel>1</nestedLevel>
</record>
<record>
  <date>2019-06-03T12:38:38</date>
  <millis>1559558318143</millis>
  <sequence>12</sequence>
  <level>INFO</level>
  <class>com.kms.katalon.core.logging.XmlKeywordLogger</class>
  <method>logMessage</method>
  <thread>1</thread>
  <message>tc_city = Koeln</message>
  <nestedLevel>1</nestedLevel>
</record>
<record>
  <date>2019-06-03T12:38:38</date>
  <millis>1559558318143</millis>
  <sequence>13</sequence>
  <level>INFO</level>
  <class>com.kms.katalon.core.logging.XmlKeywordLogger</class>
  <method>logMessage</method>
  <thread>1</thread>
  <message>tc_state = NRW</message>
  <nestedLevel>1</nestedLevel>
</record>
<record>
  <date>2019-06-03T12:38:38</date>
  <millis>1559558318143</millis>
  <sequence>14</sequence>
  <level>INFO</level>
  <class>com.kms.katalon.core.logging.XmlKeywordLogger</class>
  <method>logMessage</method>
  <thread>1</thread>
  <message>tc_zip = 45000</message>
  <nestedLevel>1</nestedLevel>
</record>
<record>
  <date>2019-06-03T12:38:38</date>
  <millis>1559558318143</millis>
  <sequence>15</sequence>
  <level>INFO</level>
  <class>com.kms.katalon.core.logging.XmlKeywordLogger</class>
  <method>logMessage</method>
  <thread>1</thread>
  <message>tc_country = Germany</message>
  <nestedLevel>1</nestedLevel>
</record>
<record>
  <date>2019-06-03T12:38:38</date>
  <millis>1559558318394</millis>
  <sequence>16</sequence>
  <level>START</level>
  <class>com.kms.katalon.core.logging.XmlKeywordLogger</class>
  <method>startKeyword</method>
  <thread>1</thread>
  <message>Start action : Response = sendRequest(findTestObject(\&amp;quot;POSTDataDrivenCustomer\&amp;quot;, [\&amp;quot;firstName\&amp;quot;:tc_fName, \&amp;quot;lastName\&amp;quot;:tc_lName, \&amp;quot;phone\&amp;quot;:tc_phone, \&amp;quot;email\&amp;quot;:tc_email, \&amp;quot;address\&amp;quot;:tc_address, \&amp;quot;city\&amp;quot;:tc_city, \&amp;quot;state\&amp;quot;:tc_state, ... ]))</message>
  <nestedLevel>1</nestedLevel>
  <property name="startLine">16</property>
  <property name="stepIndex">1</property>
</record>
<record>
  <date>2019-06-03T12:38:39</date>
  <millis>1559558319871</millis>
  <sequence>20</sequence>
  <level>INFO</level>
  <class>com.kms.katalon.core.logging.XmlKeywordLogger</class>
  <method>logMessage</method>
  <thread>1</thread>
  <message>HAR: C:\\Users\\matthias.meier\\Katalon Studio\\RestTesting_CustomerAPI\\Reports\\DataDriven_CreateCustomer\\20190603_123836\\requests\\main\\0.har</message>
  <nestedLevel>1</nestedLevel>
  <property name="harId">c449f30a-4877-4f4c-aea9-72f6fab0fcb1</property>
</record>
<record>
  <date>2019-06-03T12:38:39</date>
  <millis>1559558319945</millis>
  <sequence>21</sequence>
  <level>PASSED</level>
  <class>com.kms.katalon.core.logging.XmlKeywordLogger</class>
  <method>logMessage</method>
  <thread>1</thread>
  <message>Send request successfully</message>
  <nestedLevel>1</nestedLevel>
</record>
<record>
  <date>2019-06-03T12:38:39</date>
  <millis>1559558319946</millis>
  <sequence>22</sequence>
  <level>END</level>
  <class>com.kms.katalon.core.logging.XmlKeywordLogger</class>
  <method>endKeyword</method>
  <thread>1</thread>
  <message>End action : Response = sendRequest(findTestObject(\&amp;quot;POSTDataDrivenCustomer\&amp;quot;, [\&amp;quot;firstName\&amp;quot;:tc_fName, \&amp;quot;lastName\&amp;quot;:tc_lName, \&amp;quot;phone\&amp;quot;:tc_phone, \&amp;quot;email\&amp;quot;:tc_email, \&amp;quot;address\&amp;quot;:tc_address, \&amp;quot;city\&amp;quot;:tc_city, \&amp;quot;state\&amp;quot;:tc_state, ... ]))</message>
  <nestedLevel>1</nestedLevel>
</record>
<record>
  <date>2019-06-03T12:38:39</date>
  <millis>1559558319946</millis>
  <sequence>23</sequence>
  <level>START</level>
  <class>com.kms.katalon.core.logging.XmlKeywordLogger</class>
  <method>startKeyword</method>
  <thread>1</thread>
  <message>Start action : println(Response.getResponseText())</message>
  <nestedLevel>1</nestedLevel>
  <property name="startLine">20</property>
  <property name="stepIndex">2</property>
</record>
<record>
  <date>2019-06-03T12:38:39</date>
  <millis>1559558319955</millis>
  <sequence>24</sequence>
  <level>END</level>
  <class>com.kms.katalon.core.logging.XmlKeywordLogger</class>
  <method>endKeyword</method>
  <thread>1</thread>
  <message>End action : println(Response.getResponseText())</message>
  <nestedLevel>1</nestedLevel>
</record>
<record>
  <date>2019-06-03T12:38:39</date>
  <millis>1559558319955</millis>
  <sequence>25</sequence>
  <level>START</level>
  <class>com.kms.katalon.core.logging.XmlKeywordLogger</class>
  <method>startKeyword</method>
  <thread>1</thread>
  <message>Start action : verifyResponseStatusCode(Response, 201)</message>
  <nestedLevel>1</nestedLevel>
  <property name="startLine">22</property>
  <property name="stepIndex">3</property>
</record>
<record>
  <date>2019-06-03T12:38:39</date>
  <millis>1559558319973</millis>
  <sequence>27</sequence>
  <level>PASSED</level>
  <class>com.kms.katalon.core.logging.XmlKeywordLogger</class>
  <method>logMessage</method>
  <thread>1</thread>
  <message>Verify response status code successfully</message>
  <nestedLevel>1</nestedLevel>
</record>
<record>
  <date>2019-06-03T12:38:39</date>
  <millis>1559558319974</millis>
  <sequence>28</sequence>
  <level>END</level>
  <class>com.kms.katalon.core.logging.XmlKeywordLogger</class>
  <method>endKeyword</method>
  <thread>1</thread>
  <message>End action : verifyResponseStatusCode(Response, 201)</message>
  <nestedLevel>1</nestedLevel>
</record>
<record>
  <date>2019-06-03T12:38:39</date>
  <millis>1559558319974</millis>
  <sequence>29</sequence>
  <level>START</level>
  <class>com.kms.katalon.core.logging.XmlKeywordLogger</class>
  <method>startKeyword</method>
  <thread>1</thread>
  <message>Start action : verifyElementPropertyValue(Response, \&amp;quot;email\&amp;quot;, tc_email)</message>
  <nestedLevel>1</nestedLevel>
  <property name="startLine">24</property>
  <property name="stepIndex">4</property>
</record>
<record>
  <date>2019-06-03T12:38:40</date>
  <millis>1559558320008</millis>
  <sequence>31</sequence>
  <level>PASSED</level>
  <class>com.kms.katalon.core.logging.XmlKeywordLogger</class>
  <method>logMessage</method>
  <thread>1</thread>
  <message>Verify element property value successfully</message>
  <nestedLevel>1</nestedLevel>
</record>
<record>
  <date>2019-06-03T12:38:40</date>
  <millis>1559558320008</millis>
  <sequence>32</sequence>
  <level>END</level>
  <class>com.kms.katalon.core.logging.XmlKeywordLogger</class>
  <method>endKeyword</method>
  <thread>1</thread>
  <message>End action : verifyElementPropertyValue(Response, \&amp;quot;email\&amp;quot;, tc_email)</message>
  <nestedLevel>1</nestedLevel>
</record>
<record>
  <date>2019-06-03T12:38:40</date>
  <millis>1559558320008</millis>
  <sequence>33</sequence>
  <level>PASSED</level>
  <class>com.kms.katalon.core.logging.XmlKeywordLogger</class>
  <method>logMessage</method>
  <thread>1</thread>
  <message>Test Cases/TC_010_PostRequest_DynamicData_Customer</message>
  <nestedLevel>1</nestedLevel>
</record>
<record>
  <date>2019-06-03T12:38:40</date>
  <millis>1559558320009</millis>
  <sequence>34</sequence>
  <level>END</level>
  <class>com.kms.katalon.core.logging.XmlKeywordLogger</class>
  <method>endTest</method>
  <thread>1</thread>
  <message>End Test Case : Test Cases/TC_010_PostRequest_DynamicData_Customer</message>
  <nestedLevel>0</nestedLevel>
</record>
<record>
  <date>2019-06-03T12:38:40</date>
  <millis>1559558320012</millis>
  <sequence>35</sequence>
  <level>START</level>
  <class>com.kms.katalon.core.logging.XmlKeywordLogger</class>
  <method>startTest</method>
  <thread>1</thread>
  <message>Start Test Case : Test Cases/TC_010_PostRequest_DynamicData_Customer</message>
  <nestedLevel>1</nestedLevel>
  <property name="name">Test Cases/TC_010_PostRequest_DynamicData_Customer</property>
  <property name="description"></property>
  <property name="id">Test Cases/TC_010_PostRequest_DynamicData_Customer</property>
  <property name="source">C:\\Users\\matthias.meier\\Katalon Studio\\RestTesting_CustomerAPI\\Test Cases\\TC_010_PostRequest_DynamicData_Customer.tc</property>
  <property name="tag"></property>
  <property name="isOptional">false</property>
</record>
<record>
  <date>2019-06-03T12:38:40</date>
  <millis>1559558320017</millis>
  <sequence>37</sequence>
  <level>INFO</level>
  <class>com.kms.katalon.core.logging.XmlKeywordLogger</class>
  <method>logMessage</method>
  <thread>1</thread>
  <message>tc_fName = gerd</message>
  <nestedLevel>1</nestedLevel>
</record>
<record>
  <date>2019-06-03T12:38:40</date>
  <millis>1559558320017</millis>
  <sequence>38</sequence>
  <level>INFO</level>
  <class>com.kms.katalon.core.logging.XmlKeywordLogger</class>
  <method>logMessage</method>
  <thread>1</thread>
  <message>tc_lName = Podolski</message>
  <nestedLevel>1</nestedLevel>
</record>
<record>
  <date>2019-06-03T12:38:40</date>
  <millis>1559558320017</millis>
  <sequence>39</sequence>
  <level>INFO</level>
  <class>com.kms.katalon.core.logging.XmlKeywordLogger</class>
  <method>logMessage</method>
  <thread>1</thread>
  <message>tc_phone = 10009</message>
  <nestedLevel>1</nestedLevel>
</record>
<record>
  <date>2019-06-03T12:38:40</date>
  <millis>1559558320018</millis>
  <sequence>40</sequence>
  <level>INFO</level>
  <class>com.kms.katalon.core.logging.XmlKeywordLogger</class>
  <method>logMessage</method>
  <thread>1</thread>
  <message>tc_email = lp11@gmail.com</message>
  <nestedLevel>1</nestedLevel>
</record>
<record>
  <date>2019-06-03T12:38:40</date>
  <millis>1559558320018</millis>
  <sequence>41</sequence>
  <level>INFO</level>
  <class>com.kms.katalon.core.logging.XmlKeywordLogger</class>
  <method>logMessage</method>
  <thread>1</thread>
  <message>tc_address = Parkstrasse 3</message>
  <nestedLevel>1</nestedLevel>
</record>
<record>
  <date>2019-06-03T12:38:40</date>
  <millis>1559558320018</millis>
  <sequence>42</sequence>
  <level>INFO</level>
  <class>com.kms.katalon.core.logging.XmlKeywordLogger</class>
  <method>logMessage</method>
  <thread>1</thread>
  <message>tc_city = Koeln</message>
  <nestedLevel>1</nestedLevel>
</record>
<record>
  <date>2019-06-03T12:38:40</date>
  <millis>1559558320018</millis>
  <sequence>43</sequence>
  <level>INFO</level>
  <class>com.kms.katalon.core.logging.XmlKeywordLogger</class>
  <method>logMessage</method>
  <thread>1</thread>
  <message>tc_state = NRW</message>
  <nestedLevel>1</nestedLevel>
</record>
<record>
  <date>2019-06-03T12:38:40</date>
  <millis>1559558320018</millis>
  <sequence>44</sequence>
  <level>INFO</level>
  <class>com.kms.katalon.core.logging.XmlKeywordLogger</class>
  <method>logMessage</method>
  <thread>1</thread>
  <message>tc_zip = 45000</message>
  <nestedLevel>1</nestedLevel>
</record>
<record>
  <date>2019-06-03T12:38:40</date>
  <millis>1559558320018</millis>
  <sequence>45</sequence>
  <level>INFO</level>
  <class>com.kms.katalon.core.logging.XmlKeywordLogger</class>
  <method>logMessage</method>
  <thread>1</thread>
  <message>tc_country = Germany</message>
  <nestedLevel>1</nestedLevel>
</record>
<record>
  <date>2019-06-03T12:38:40</date>
  <millis>1559558320020</millis>
  <sequence>46</sequence>
  <level>START</level>
  <class>com.kms.katalon.core.logging.XmlKeywordLogger</class>
  <method>startKeyword</method>
  <thread>1</thread>
  <message>Start action : Response = sendRequest(findTestObject(\&amp;quot;POSTDataDrivenCustomer\&amp;quot;, [\&amp;quot;firstName\&amp;quot;:tc_fName, \&amp;quot;lastName\&amp;quot;:tc_lName, \&amp;quot;phone\&amp;quot;:tc_phone, \&amp;quot;email\&amp;quot;:tc_email, \&amp;quot;address\&amp;quot;:tc_address, \&amp;quot;city\&amp;quot;:tc_city, \&amp;quot;state\&amp;quot;:tc_state, ... ]))</message>
  <nestedLevel>1</nestedLevel>
  <property name="startLine">16</property>
  <property name="stepIndex">1</property>
</record>
<record>
  <date>2019-06-03T12:38:40</date>
  <millis>1559558320064</millis>
  <sequence>50</sequence>
  <level>INFO</level>
  <class>com.kms.katalon.core.logging.XmlKeywordLogger</class>
  <method>logMessage</method>
  <thread>1</thread>
  <message>HAR: C:\\Users\\matthias.meier\\Katalon Studio\\RestTesting_CustomerAPI\\Reports\\DataDriven_CreateCustomer\\20190603_123836\\requests\\main\\1.har</message>
  <nestedLevel>1</nestedLevel>
  <property name="harId">88953ff9-c3ac-41a6-8881-3d021a0c30f2</property>
</record>
<record>
  <date>2019-06-03T12:38:40</date>
  <millis>1559558320068</millis>
  <sequence>51</sequence>
  <level>PASSED</level>
  <class>com.kms.katalon.core.logging.XmlKeywordLogger</class>
  <method>logMessage</method>
  <thread>1</thread>
  <message>Send request successfully</message>
  <nestedLevel>1</nestedLevel>
</record>
<record>
  <date>2019-06-03T12:38:40</date>
  <millis>1559558320068</millis>
  <sequence>52</sequence>
  <level>END</level>
  <class>com.kms.katalon.core.logging.XmlKeywordLogger</class>
  <method>endKeyword</method>
  <thread>1</thread>
  <message>End action : Response = sendRequest(findTestObject(\&amp;quot;POSTDataDrivenCustomer\&amp;quot;, [\&amp;quot;firstName\&amp;quot;:tc_fName, \&amp;quot;lastName\&amp;quot;:tc_lName, \&amp;quot;phone\&amp;quot;:tc_phone, \&amp;quot;email\&amp;quot;:tc_email, \&amp;quot;address\&amp;quot;:tc_address, \&amp;quot;city\&amp;quot;:tc_city, \&amp;quot;state\&amp;quot;:tc_state, ... ]))</message>
  <nestedLevel>1</nestedLevel>
</record>
<record>
  <date>2019-06-03T12:38:40</date>
  <millis>1559558320069</millis>
  <sequence>53</sequence>
  <level>START</level>
  <class>com.kms.katalon.core.logging.XmlKeywordLogger</class>
  <method>startKeyword</method>
  <thread>1</thread>
  <message>Start action : println(Response.getResponseText())</message>
  <nestedLevel>1</nestedLevel>
  <property name="startLine">20</property>
  <property name="stepIndex">2</property>
</record>
<record>
  <date>2019-06-03T12:38:40</date>
  <millis>1559558320070</millis>
  <sequence>54</sequence>
  <level>END</level>
  <class>com.kms.katalon.core.logging.XmlKeywordLogger</class>
  <method>endKeyword</method>
  <thread>1</thread>
  <message>End action : println(Response.getResponseText())</message>
  <nestedLevel>1</nestedLevel>
</record>
<record>
  <date>2019-06-03T12:38:40</date>
  <millis>1559558320070</millis>
  <sequence>55</sequence>
  <level>START</level>
  <class>com.kms.katalon.core.logging.XmlKeywordLogger</class>
  <method>startKeyword</method>
  <thread>1</thread>
  <message>Start action : verifyResponseStatusCode(Response, 201)</message>
  <nestedLevel>1</nestedLevel>
  <property name="startLine">22</property>
  <property name="stepIndex">3</property>
</record>
<record>
  <date>2019-06-03T12:38:40</date>
  <millis>1559558320072</millis>
  <sequence>57</sequence>
  <level>PASSED</level>
  <class>com.kms.katalon.core.logging.XmlKeywordLogger</class>
  <method>logMessage</method>
  <thread>1</thread>
  <message>Verify response status code successfully</message>
  <nestedLevel>1</nestedLevel>
</record>
<record>
  <date>2019-06-03T12:38:40</date>
  <millis>1559558320072</millis>
  <sequence>58</sequence>
  <level>END</level>
  <class>com.kms.katalon.core.logging.XmlKeywordLogger</class>
  <method>endKeyword</method>
  <thread>1</thread>
  <message>End action : verifyResponseStatusCode(Response, 201)</message>
  <nestedLevel>1</nestedLevel>
</record>
<record>
  <date>2019-06-03T12:38:40</date>
  <millis>1559558320072</millis>
  <sequence>59</sequence>
  <level>START</level>
  <class>com.kms.katalon.core.logging.XmlKeywordLogger</class>
  <method>startKeyword</method>
  <thread>1</thread>
  <message>Start action : verifyElementPropertyValue(Response, \&amp;quot;email\&amp;quot;, tc_email)</message>
  <nestedLevel>1</nestedLevel>
  <property name="startLine">24</property>
  <property name="stepIndex">4</property>
</record>
<record>
  <date>2019-06-03T12:38:40</date>
  <millis>1559558320088</millis>
  <sequence>61</sequence>
  <level>PASSED</level>
  <class>com.kms.katalon.core.logging.XmlKeywordLogger</class>
  <method>logMessage</method>
  <thread>1</thread>
  <message>Verify element property value successfully</message>
  <nestedLevel>1</nestedLevel>
</record>
<record>
  <date>2019-06-03T12:38:40</date>
  <millis>1559558320089</millis>
  <sequence>62</sequence>
  <level>END</level>
  <class>com.kms.katalon.core.logging.XmlKeywordLogger</class>
  <method>endKeyword</method>
  <thread>1</thread>
  <message>End action : verifyElementPropertyValue(Response, \&amp;quot;email\&amp;quot;, tc_email)</message>
  <nestedLevel>1</nestedLevel>
</record>
<record>
  <date>2019-06-03T12:38:40</date>
  <millis>1559558320089</millis>
  <sequence>63</sequence>
  <level>PASSED</level>
  <class>com.kms.katalon.core.logging.XmlKeywordLogger</class>
  <method>logMessage</method>
  <thread>1</thread>
  <message>Test Cases/TC_010_PostRequest_DynamicData_Customer</message>
  <nestedLevel>1</nestedLevel>
</record>
<record>
  <date>2019-06-03T12:38:40</date>
  <millis>1559558320089</millis>
  <sequence>64</sequence>
  <level>END</level>
  <class>com.kms.katalon.core.logging.XmlKeywordLogger</class>
  <method>endTest</method>
  <thread>1</thread>
  <message>End Test Case : Test Cases/TC_010_PostRequest_DynamicData_Customer</message>
  <nestedLevel>0</nestedLevel>
</record>
<record>
  <date>2019-06-03T12:38:40</date>
  <millis>1559558320092</millis>
  <sequence>65</sequence>
  <level>START</level>
  <class>com.kms.katalon.core.logging.XmlKeywordLogger</class>
  <method>startTest</method>
  <thread>1</thread>
  <message>Start Test Case : Test Cases/TC_010_PostRequest_DynamicData_Customer</message>
  <nestedLevel>1</nestedLevel>
  <property name="name">Test Cases/TC_010_PostRequest_DynamicData_Customer</property>
  <property name="description"></property>
  <property name="id">Test Cases/TC_010_PostRequest_DynamicData_Customer</property>
  <property name="source">C:\\Users\\matthias.meier\\Katalon Studio\\RestTesting_CustomerAPI\\Test Cases\\TC_010_PostRequest_DynamicData_Customer.tc</property>
  <property name="tag"></property>
  <property name="isOptional">false</property>
</record>
<record>
  <date>2019-06-03T12:38:40</date>
  <millis>1559558320098</millis>
  <sequence>67</sequence>
  <level>INFO</level>
  <class>com.kms.katalon.core.logging.XmlKeywordLogger</class>
  <method>logMessage</method>
  <thread>1</thread>
  <message>tc_fName = gerd</message>
  <nestedLevel>1</nestedLevel>
</record>
<record>
  <date>2019-06-03T12:38:40</date>
  <millis>1559558320098</millis>
  <sequence>68</sequence>
  <level>INFO</level>
  <class>com.kms.katalon.core.logging.XmlKeywordLogger</class>
  <method>logMessage</method>
  <thread>1</thread>
  <message>tc_lName = Podolski</message>
  <nestedLevel>1</nestedLevel>
</record>
<record>
  <date>2019-06-03T12:38:40</date>
  <millis>1559558320098</millis>
  <sequence>69</sequence>
  <level>INFO</level>
  <class>com.kms.katalon.core.logging.XmlKeywordLogger</class>
  <method>logMessage</method>
  <thread>1</thread>
  <message>tc_phone = 10010</message>
  <nestedLevel>1</nestedLevel>
</record>
<record>
  <date>2019-06-03T12:38:40</date>
  <millis>1559558320098</millis>
  <sequence>70</sequence>
  <level>INFO</level>
  <class>com.kms.katalon.core.logging.XmlKeywordLogger</class>
  <method>logMessage</method>
  <thread>1</thread>
  <message>tc_email = lp12@gmail.com</message>
  <nestedLevel>1</nestedLevel>
</record>
<record>
  <date>2019-06-03T12:38:40</date>
  <millis>1559558320099</millis>
  <sequence>71</sequence>
  <level>INFO</level>
  <class>com.kms.katalon.core.logging.XmlKeywordLogger</class>
  <method>logMessage</method>
  <thread>1</thread>
  <message>tc_address = Parkstrasse 3</message>
  <nestedLevel>1</nestedLevel>
</record>
<record>
  <date>2019-06-03T12:38:40</date>
  <millis>1559558320099</millis>
  <sequence>72</sequence>
  <level>INFO</level>
  <class>com.kms.katalon.core.logging.XmlKeywordLogger</class>
  <method>logMessage</method>
  <thread>1</thread>
  <message>tc_city = Koeln</message>
  <nestedLevel>1</nestedLevel>
</record>
<record>
  <date>2019-06-03T12:38:40</date>
  <millis>1559558320099</millis>
  <sequence>73</sequence>
  <level>INFO</level>
  <class>com.kms.katalon.core.logging.XmlKeywordLogger</class>
  <method>logMessage</method>
  <thread>1</thread>
  <message>tc_state = NRW</message>
  <nestedLevel>1</nestedLevel>
</record>
<record>
  <date>2019-06-03T12:38:40</date>
  <millis>1559558320099</millis>
  <sequence>74</sequence>
  <level>INFO</level>
  <class>com.kms.katalon.core.logging.XmlKeywordLogger</class>
  <method>logMessage</method>
  <thread>1</thread>
  <message>tc_zip = 45000</message>
  <nestedLevel>1</nestedLevel>
</record>
<record>
  <date>2019-06-03T12:38:40</date>
  <millis>1559558320100</millis>
  <sequence>75</sequence>
  <level>INFO</level>
  <class>com.kms.katalon.core.logging.XmlKeywordLogger</class>
  <method>logMessage</method>
  <thread>1</thread>
  <message>tc_country = Germany</message>
  <nestedLevel>1</nestedLevel>
</record>
<record>
  <date>2019-06-03T12:38:40</date>
  <millis>1559558320101</millis>
  <sequence>76</sequence>
  <level>START</level>
  <class>com.kms.katalon.core.logging.XmlKeywordLogger</class>
  <method>startKeyword</method>
  <thread>1</thread>
  <message>Start action : Response = sendRequest(findTestObject(\&amp;quot;POSTDataDrivenCustomer\&amp;quot;, [\&amp;quot;firstName\&amp;quot;:tc_fName, \&amp;quot;lastName\&amp;quot;:tc_lName, \&amp;quot;phone\&amp;quot;:tc_phone, \&amp;quot;email\&amp;quot;:tc_email, \&amp;quot;address\&amp;quot;:tc_address, \&amp;quot;city\&amp;quot;:tc_city, \&amp;quot;state\&amp;quot;:tc_state, ... ]))</message>
  <nestedLevel>1</nestedLevel>
  <property name="startLine">16</property>
  <property name="stepIndex">1</property>
</record>
<record>
  <date>2019-06-03T12:38:40</date>
  <millis>1559558320141</millis>
  <sequence>80</sequence>
  <level>INFO</level>
  <class>com.kms.katalon.core.logging.XmlKeywordLogger</class>
  <method>logMessage</method>
  <thread>1</thread>
  <message>HAR: C:\\Users\\matthias.meier\\Katalon Studio\\RestTesting_CustomerAPI\\Reports\\DataDriven_CreateCustomer\\20190603_123836\\requests\\main\\2.har</message>
  <nestedLevel>1</nestedLevel>
  <property name="harId">6387c09b-7ff3-48c6-9bff-0079666e240d</property>
</record>
<record>
  <date>2019-06-03T12:38:40</date>
  <millis>1559558320142</millis>
  <sequence>81</sequence>
  <level>PASSED</level>
  <class>com.kms.katalon.core.logging.XmlKeywordLogger</class>
  <method>logMessage</method>
  <thread>1</thread>
  <message>Send request successfully</message>
  <nestedLevel>1</nestedLevel>
</record>
<record>
  <date>2019-06-03T12:38:40</date>
  <millis>1559558320143</millis>
  <sequence>82</sequence>
  <level>END</level>
  <class>com.kms.katalon.core.logging.XmlKeywordLogger</class>
  <method>endKeyword</method>
  <thread>1</thread>
  <message>End action : Response = sendRequest(findTestObject(\&amp;quot;POSTDataDrivenCustomer\&amp;quot;, [\&amp;quot;firstName\&amp;quot;:tc_fName, \&amp;quot;lastName\&amp;quot;:tc_lName, \&amp;quot;phone\&amp;quot;:tc_phone, \&amp;quot;email\&amp;quot;:tc_email, \&amp;quot;address\&amp;quot;:tc_address, \&amp;quot;city\&amp;quot;:tc_city, \&amp;quot;state\&amp;quot;:tc_state, ... ]))</message>
  <nestedLevel>1</nestedLevel>
</record>
<record>
  <date>2019-06-03T12:38:40</date>
  <millis>1559558320143</millis>
  <sequence>83</sequence>
  <level>START</level>
  <class>com.kms.katalon.core.logging.XmlKeywordLogger</class>
  <method>startKeyword</method>
  <thread>1</thread>
  <message>Start action : println(Response.getResponseText())</message>
  <nestedLevel>1</nestedLevel>
  <property name="startLine">20</property>
  <property name="stepIndex">2</property>
</record>
<record>
  <date>2019-06-03T12:38:40</date>
  <millis>1559558320143</millis>
  <sequence>84</sequence>
  <level>END</level>
  <class>com.kms.katalon.core.logging.XmlKeywordLogger</class>
  <method>endKeyword</method>
  <thread>1</thread>
  <message>End action : println(Response.getResponseText())</message>
  <nestedLevel>1</nestedLevel>
</record>
<record>
  <date>2019-06-03T12:38:40</date>
  <millis>1559558320144</millis>
  <sequence>85</sequence>
  <level>START</level>
  <class>com.kms.katalon.core.logging.XmlKeywordLogger</class>
  <method>startKeyword</method>
  <thread>1</thread>
  <message>Start action : verifyResponseStatusCode(Response, 201)</message>
  <nestedLevel>1</nestedLevel>
  <property name="startLine">22</property>
  <property name="stepIndex">3</property>
</record>
<record>
  <date>2019-06-03T12:38:40</date>
  <millis>1559558320145</millis>
  <sequence>87</sequence>
  <level>PASSED</level>
  <class>com.kms.katalon.core.logging.XmlKeywordLogger</class>
  <method>logMessage</method>
  <thread>1</thread>
  <message>Verify response status code successfully</message>
  <nestedLevel>1</nestedLevel>
</record>
<record>
  <date>2019-06-03T12:38:40</date>
  <millis>1559558320145</millis>
  <sequence>88</sequence>
  <level>END</level>
  <class>com.kms.katalon.core.logging.XmlKeywordLogger</class>
  <method>endKeyword</method>
  <thread>1</thread>
  <message>End action : verifyResponseStatusCode(Response, 201)</message>
  <nestedLevel>1</nestedLevel>
</record>
<record>
  <date>2019-06-03T12:38:40</date>
  <millis>1559558320146</millis>
  <sequence>89</sequence>
  <level>START</level>
  <class>com.kms.katalon.core.logging.XmlKeywordLogger</class>
  <method>startKeyword</method>
  <thread>1</thread>
  <message>Start action : verifyElementPropertyValue(Response, \&amp;quot;email\&amp;quot;, tc_email)</message>
  <nestedLevel>1</nestedLevel>
  <property name="startLine">24</property>
  <property name="stepIndex">4</property>
</record>
<record>
  <date>2019-06-03T12:38:40</date>
  <millis>1559558320162</millis>
  <sequence>91</sequence>
  <level>PASSED</level>
  <class>com.kms.katalon.core.logging.XmlKeywordLogger</class>
  <method>logMessage</method>
  <thread>1</thread>
  <message>Verify element property value successfully</message>
  <nestedLevel>1</nestedLevel>
</record>
<record>
  <date>2019-06-03T12:38:40</date>
  <millis>1559558320163</millis>
  <sequence>92</sequence>
  <level>END</level>
  <class>com.kms.katalon.core.logging.XmlKeywordLogger</class>
  <method>endKeyword</method>
  <thread>1</thread>
  <message>End action : verifyElementPropertyValue(Response, \&amp;quot;email\&amp;quot;, tc_email)</message>
  <nestedLevel>1</nestedLevel>
</record>
<record>
  <date>2019-06-03T12:38:40</date>
  <millis>1559558320163</millis>
  <sequence>93</sequence>
  <level>PASSED</level>
  <class>com.kms.katalon.core.logging.XmlKeywordLogger</class>
  <method>logMessage</method>
  <thread>1</thread>
  <message>Test Cases/TC_010_PostRequest_DynamicData_Customer</message>
  <nestedLevel>1</nestedLevel>
</record>
<record>
  <date>2019-06-03T12:38:40</date>
  <millis>1559558320164</millis>
  <sequence>94</sequence>
  <level>END</level>
  <class>com.kms.katalon.core.logging.XmlKeywordLogger</class>
  <method>endTest</method>
  <thread>1</thread>
  <message>End Test Case : Test Cases/TC_010_PostRequest_DynamicData_Customer</message>
  <nestedLevel>0</nestedLevel>
</record>
<record>
  <date>2019-06-03T12:38:40</date>
  <millis>1559558320168</millis>
  <sequence>95</sequence>
  <level>START</level>
  <class>com.kms.katalon.core.logging.XmlKeywordLogger</class>
  <method>startTest</method>
  <thread>1</thread>
  <message>Start Test Case : Test Cases/TC_010_PostRequest_DynamicData_Customer</message>
  <nestedLevel>1</nestedLevel>
  <property name="name">Test Cases/TC_010_PostRequest_DynamicData_Customer</property>
  <property name="description"></property>
  <property name="id">Test Cases/TC_010_PostRequest_DynamicData_Customer</property>
  <property name="source">C:\\Users\\matthias.meier\\Katalon Studio\\RestTesting_CustomerAPI\\Test Cases\\TC_010_PostRequest_DynamicData_Customer.tc</property>
  <property name="tag"></property>
  <property name="isOptional">false</property>
</record>
<record>
  <date>2019-06-03T12:38:40</date>
  <millis>1559558320173</millis>
  <sequence>97</sequence>
  <level>INFO</level>
  <class>com.kms.katalon.core.logging.XmlKeywordLogger</class>
  <method>logMessage</method>
  <thread>1</thread>
  <message>tc_fName = gerd</message>
  <nestedLevel>1</nestedLevel>
</record>
<record>
  <date>2019-06-03T12:38:40</date>
  <millis>1559558320173</millis>
  <sequence>98</sequence>
  <level>INFO</level>
  <class>com.kms.katalon.core.logging.XmlKeywordLogger</class>
  <method>logMessage</method>
  <thread>1</thread>
  <message>tc_lName = Podolski</message>
  <nestedLevel>1</nestedLevel>
</record>
<record>
  <date>2019-06-03T12:38:40</date>
  <millis>1559558320173</millis>
  <sequence>99</sequence>
  <level>INFO</level>
  <class>com.kms.katalon.core.logging.XmlKeywordLogger</class>
  <method>logMessage</method>
  <thread>1</thread>
  <message>tc_phone = 10011</message>
  <nestedLevel>1</nestedLevel>
</record>
<record>
  <date>2019-06-03T12:38:40</date>
  <millis>1559558320174</millis>
  <sequence>100</sequence>
  <level>INFO</level>
  <class>com.kms.katalon.core.logging.XmlKeywordLogger</class>
  <method>logMessage</method>
  <thread>1</thread>
  <message>tc_email = lp13@gmail.com</message>
  <nestedLevel>1</nestedLevel>
</record>
<record>
  <date>2019-06-03T12:38:40</date>
  <millis>1559558320174</millis>
  <sequence>101</sequence>
  <level>INFO</level>
  <class>com.kms.katalon.core.logging.XmlKeywordLogger</class>
  <method>logMessage</method>
  <thread>1</thread>
  <message>tc_address = Parkstrasse 3</message>
  <nestedLevel>1</nestedLevel>
</record>
<record>
  <date>2019-06-03T12:38:40</date>
  <millis>1559558320174</millis>
  <sequence>102</sequence>
  <level>INFO</level>
  <class>com.kms.katalon.core.logging.XmlKeywordLogger</class>
  <method>logMessage</method>
  <thread>1</thread>
  <message>tc_city = Koeln</message>
  <nestedLevel>1</nestedLevel>
</record>
<record>
  <date>2019-06-03T12:38:40</date>
  <millis>1559558320174</millis>
  <sequence>103</sequence>
  <level>INFO</level>
  <class>com.kms.katalon.core.logging.XmlKeywordLogger</class>
  <method>logMessage</method>
  <thread>1</thread>
  <message>tc_state = NRW</message>
  <nestedLevel>1</nestedLevel>
</record>
<record>
  <date>2019-06-03T12:38:40</date>
  <millis>1559558320174</millis>
  <sequence>104</sequence>
  <level>INFO</level>
  <class>com.kms.katalon.core.logging.XmlKeywordLogger</class>
  <method>logMessage</method>
  <thread>1</thread>
  <message>tc_zip = 45000</message>
  <nestedLevel>1</nestedLevel>
</record>
<record>
  <date>2019-06-03T12:38:40</date>
  <millis>1559558320175</millis>
  <sequence>105</sequence>
  <level>INFO</level>
  <class>com.kms.katalon.core.logging.XmlKeywordLogger</class>
  <method>logMessage</method>
  <thread>1</thread>
  <message>tc_country = Germany</message>
  <nestedLevel>1</nestedLevel>
</record>
<record>
  <date>2019-06-03T12:38:40</date>
  <millis>1559558320176</millis>
  <sequence>106</sequence>
  <level>START</level>
  <class>com.kms.katalon.core.logging.XmlKeywordLogger</class>
  <method>startKeyword</method>
  <thread>1</thread>
  <message>Start action : Response = sendRequest(findTestObject(\&amp;quot;POSTDataDrivenCustomer\&amp;quot;, [\&amp;quot;firstName\&amp;quot;:tc_fName, \&amp;quot;lastName\&amp;quot;:tc_lName, \&amp;quot;phone\&amp;quot;:tc_phone, \&amp;quot;email\&amp;quot;:tc_email, \&amp;quot;address\&amp;quot;:tc_address, \&amp;quot;city\&amp;quot;:tc_city, \&amp;quot;state\&amp;quot;:tc_state, ... ]))</message>
  <nestedLevel>1</nestedLevel>
  <property name="startLine">16</property>
  <property name="stepIndex">1</property>
</record>
<record>
  <date>2019-06-03T12:38:40</date>
  <millis>1559558320219</millis>
  <sequence>110</sequence>
  <level>INFO</level>
  <class>com.kms.katalon.core.logging.XmlKeywordLogger</class>
  <method>logMessage</method>
  <thread>1</thread>
  <message>HAR: C:\\Users\\matthias.meier\\Katalon Studio\\RestTesting_CustomerAPI\\Reports\\DataDriven_CreateCustomer\\20190603_123836\\requests\\main\\3.har</message>
  <nestedLevel>1</nestedLevel>
  <property name="harId">4797d061-3293-442a-8496-c6deebee400c</property>
</record>
<record>
  <date>2019-06-03T12:38:40</date>
  <millis>1559558320221</millis>
  <sequence>111</sequence>
  <level>PASSED</level>
  <class>com.kms.katalon.core.logging.XmlKeywordLogger</class>
  <method>logMessage</method>
  <thread>1</thread>
  <message>Send request successfully</message>
  <nestedLevel>1</nestedLevel>
</record>
<record>
  <date>2019-06-03T12:38:40</date>
  <millis>1559558320221</millis>
  <sequence>112</sequence>
  <level>END</level>
  <class>com.kms.katalon.core.logging.XmlKeywordLogger</class>
  <method>endKeyword</method>
  <thread>1</thread>
  <message>End action : Response = sendRequest(findTestObject(\&amp;quot;POSTDataDrivenCustomer\&amp;quot;, [\&amp;quot;firstName\&amp;quot;:tc_fName, \&amp;quot;lastName\&amp;quot;:tc_lName, \&amp;quot;phone\&amp;quot;:tc_phone, \&amp;quot;email\&amp;quot;:tc_email, \&amp;quot;address\&amp;quot;:tc_address, \&amp;quot;city\&amp;quot;:tc_city, \&amp;quot;state\&amp;quot;:tc_state, ... ]))</message>
  <nestedLevel>1</nestedLevel>
</record>
<record>
  <date>2019-06-03T12:38:40</date>
  <millis>1559558320221</millis>
  <sequence>113</sequence>
  <level>START</level>
  <class>com.kms.katalon.core.logging.XmlKeywordLogger</class>
  <method>startKeyword</method>
  <thread>1</thread>
  <message>Start action : println(Response.getResponseText())</message>
  <nestedLevel>1</nestedLevel>
  <property name="startLine">20</property>
  <property name="stepIndex">2</property>
</record>
<record>
  <date>2019-06-03T12:38:40</date>
  <millis>1559558320222</millis>
  <sequence>114</sequence>
  <level>END</level>
  <class>com.kms.katalon.core.logging.XmlKeywordLogger</class>
  <method>endKeyword</method>
  <thread>1</thread>
  <message>End action : println(Response.getResponseText())</message>
  <nestedLevel>1</nestedLevel>
</record>
<record>
  <date>2019-06-03T12:38:40</date>
  <millis>1559558320222</millis>
  <sequence>115</sequence>
  <level>START</level>
  <class>com.kms.katalon.core.logging.XmlKeywordLogger</class>
  <method>startKeyword</method>
  <thread>1</thread>
  <message>Start action : verifyResponseStatusCode(Response, 201)</message>
  <nestedLevel>1</nestedLevel>
  <property name="startLine">22</property>
  <property name="stepIndex">3</property>
</record>
<record>
  <date>2019-06-03T12:38:40</date>
  <millis>1559558320223</millis>
  <sequence>117</sequence>
  <level>PASSED</level>
  <class>com.kms.katalon.core.logging.XmlKeywordLogger</class>
  <method>logMessage</method>
  <thread>1</thread>
  <message>Verify response status code successfully</message>
  <nestedLevel>1</nestedLevel>
</record>
<record>
  <date>2019-06-03T12:38:40</date>
  <millis>1559558320224</millis>
  <sequence>118</sequence>
  <level>END</level>
  <class>com.kms.katalon.core.logging.XmlKeywordLogger</class>
  <method>endKeyword</method>
  <thread>1</thread>
  <message>End action : verifyResponseStatusCode(Response, 201)</message>
  <nestedLevel>1</nestedLevel>
</record>
<record>
  <date>2019-06-03T12:38:40</date>
  <millis>1559558320224</millis>
  <sequence>119</sequence>
  <level>START</level>
  <class>com.kms.katalon.core.logging.XmlKeywordLogger</class>
  <method>startKeyword</method>
  <thread>1</thread>
  <message>Start action : verifyElementPropertyValue(Response, \&amp;quot;email\&amp;quot;, tc_email)</message>
  <nestedLevel>1</nestedLevel>
  <property name="startLine">24</property>
  <property name="stepIndex">4</property>
</record>
<record>
  <date>2019-06-03T12:38:40</date>
  <millis>1559558320237</millis>
  <sequence>121</sequence>
  <level>PASSED</level>
  <class>com.kms.katalon.core.logging.XmlKeywordLogger</class>
  <method>logMessage</method>
  <thread>1</thread>
  <message>Verify element property value successfully</message>
  <nestedLevel>1</nestedLevel>
</record>
<record>
  <date>2019-06-03T12:38:40</date>
  <millis>1559558320238</millis>
  <sequence>122</sequence>
  <level>END</level>
  <class>com.kms.katalon.core.logging.XmlKeywordLogger</class>
  <method>endKeyword</method>
  <thread>1</thread>
  <message>End action : verifyElementPropertyValue(Response, \&amp;quot;email\&amp;quot;, tc_email)</message>
  <nestedLevel>1</nestedLevel>
</record>
<record>
  <date>2019-06-03T12:38:40</date>
  <millis>1559558320238</millis>
  <sequence>123</sequence>
  <level>PASSED</level>
  <class>com.kms.katalon.core.logging.XmlKeywordLogger</class>
  <method>logMessage</method>
  <thread>1</thread>
  <message>Test Cases/TC_010_PostRequest_DynamicData_Customer</message>
  <nestedLevel>1</nestedLevel>
</record>
<record>
  <date>2019-06-03T12:38:40</date>
  <millis>1559558320238</millis>
  <sequence>124</sequence>
  <level>END</level>
  <class>com.kms.katalon.core.logging.XmlKeywordLogger</class>
  <method>endTest</method>
  <thread>1</thread>
  <message>End Test Case : Test Cases/TC_010_PostRequest_DynamicData_Customer</message>
  <nestedLevel>0</nestedLevel>
</record>
<record>
  <date>2019-06-03T12:38:40</date>
  <millis>1559558320241</millis>
  <sequence>125</sequence>
  <level>START</level>
  <class>com.kms.katalon.core.logging.XmlKeywordLogger</class>
  <method>startTest</method>
  <thread>1</thread>
  <message>Start Test Case : Test Cases/TC_010_PostRequest_DynamicData_Customer</message>
  <nestedLevel>1</nestedLevel>
  <property name="name">Test Cases/TC_010_PostRequest_DynamicData_Customer</property>
  <property name="description"></property>
  <property name="id">Test Cases/TC_010_PostRequest_DynamicData_Customer</property>
  <property name="source">C:\\Users\\matthias.meier\\Katalon Studio\\RestTesting_CustomerAPI\\Test Cases\\TC_010_PostRequest_DynamicData_Customer.tc</property>
  <property name="tag"></property>
  <property name="isOptional">false</property>
</record>
<record>
  <date>2019-06-03T12:38:40</date>
  <millis>1559558320245</millis>
  <sequence>127</sequence>
  <level>INFO</level>
  <class>com.kms.katalon.core.logging.XmlKeywordLogger</class>
  <method>logMessage</method>
  <thread>1</thread>
  <message>tc_fName = gerd</message>
  <nestedLevel>1</nestedLevel>
</record>
<record>
  <date>2019-06-03T12:38:40</date>
  <millis>1559558320245</millis>
  <sequence>128</sequence>
  <level>INFO</level>
  <class>com.kms.katalon.core.logging.XmlKeywordLogger</class>
  <method>logMessage</method>
  <thread>1</thread>
  <message>tc_lName = Podolski</message>
  <nestedLevel>1</nestedLevel>
</record>
<record>
  <date>2019-06-03T12:38:40</date>
  <millis>1559558320245</millis>
  <sequence>129</sequence>
  <level>INFO</level>
  <class>com.kms.katalon.core.logging.XmlKeywordLogger</class>
  <method>logMessage</method>
  <thread>1</thread>
  <message>tc_phone = 10012</message>
  <nestedLevel>1</nestedLevel>
</record>
<record>
  <date>2019-06-03T12:38:40</date>
  <millis>1559558320245</millis>
  <sequence>130</sequence>
  <level>INFO</level>
  <class>com.kms.katalon.core.logging.XmlKeywordLogger</class>
  <method>logMessage</method>
  <thread>1</thread>
  <message>tc_email = lp14@gmail.com</message>
  <nestedLevel>1</nestedLevel>
</record>
<record>
  <date>2019-06-03T12:38:40</date>
  <millis>1559558320246</millis>
  <sequence>131</sequence>
  <level>INFO</level>
  <class>com.kms.katalon.core.logging.XmlKeywordLogger</class>
  <method>logMessage</method>
  <thread>1</thread>
  <message>tc_address = Parkstrasse 3</message>
  <nestedLevel>1</nestedLevel>
</record>
<record>
  <date>2019-06-03T12:38:40</date>
  <millis>1559558320246</millis>
  <sequence>132</sequence>
  <level>INFO</level>
  <class>com.kms.katalon.core.logging.XmlKeywordLogger</class>
  <method>logMessage</method>
  <thread>1</thread>
  <message>tc_city = Koeln</message>
  <nestedLevel>1</nestedLevel>
</record>
<record>
  <date>2019-06-03T12:38:40</date>
  <millis>1559558320246</millis>
  <sequence>133</sequence>
  <level>INFO</level>
  <class>com.kms.katalon.core.logging.XmlKeywordLogger</class>
  <method>logMessage</method>
  <thread>1</thread>
  <message>tc_state = NRW</message>
  <nestedLevel>1</nestedLevel>
</record>
<record>
  <date>2019-06-03T12:38:40</date>
  <millis>1559558320246</millis>
  <sequence>134</sequence>
  <level>INFO</level>
  <class>com.kms.katalon.core.logging.XmlKeywordLogger</class>
  <method>logMessage</method>
  <thread>1</thread>
  <message>tc_zip = 45000</message>
  <nestedLevel>1</nestedLevel>
</record>
<record>
  <date>2019-06-03T12:38:40</date>
  <millis>1559558320247</millis>
  <sequence>135</sequence>
  <level>INFO</level>
  <class>com.kms.katalon.core.logging.XmlKeywordLogger</class>
  <method>logMessage</method>
  <thread>1</thread>
  <message>tc_country = Germany</message>
  <nestedLevel>1</nestedLevel>
</record>
<record>
  <date>2019-06-03T12:38:40</date>
  <millis>1559558320248</millis>
  <sequence>136</sequence>
  <level>START</level>
  <class>com.kms.katalon.core.logging.XmlKeywordLogger</class>
  <method>startKeyword</method>
  <thread>1</thread>
  <message>Start action : Response = sendRequest(findTestObject(\&amp;quot;POSTDataDrivenCustomer\&amp;quot;, [\&amp;quot;firstName\&amp;quot;:tc_fName, \&amp;quot;lastName\&amp;quot;:tc_lName, \&amp;quot;phone\&amp;quot;:tc_phone, \&amp;quot;email\&amp;quot;:tc_email, \&amp;quot;address\&amp;quot;:tc_address, \&amp;quot;city\&amp;quot;:tc_city, \&amp;quot;state\&amp;quot;:tc_state, ... ]))</message>
  <nestedLevel>1</nestedLevel>
  <property name="startLine">16</property>
  <property name="stepIndex">1</property>
</record>
<record>
  <date>2019-06-03T12:38:40</date>
  <millis>1559558320287</millis>
  <sequence>140</sequence>
  <level>INFO</level>
  <class>com.kms.katalon.core.logging.XmlKeywordLogger</class>
  <method>logMessage</method>
  <thread>1</thread>
  <message>HAR: C:\\Users\\matthias.meier\\Katalon Studio\\RestTesting_CustomerAPI\\Reports\\DataDriven_CreateCustomer\\20190603_123836\\requests\\main\\4.har</message>
  <nestedLevel>1</nestedLevel>
  <property name="harId">499fe7bc-001a-49f4-b28f-d00a4210a876</property>
</record>
<record>
  <date>2019-06-03T12:38:40</date>
  <millis>1559558320289</millis>
  <sequence>141</sequence>
  <level>PASSED</level>
  <class>com.kms.katalon.core.logging.XmlKeywordLogger</class>
  <method>logMessage</method>
  <thread>1</thread>
  <message>Send request successfully</message>
  <nestedLevel>1</nestedLevel>
</record>
<record>
  <date>2019-06-03T12:38:40</date>
  <millis>1559558320289</millis>
  <sequence>142</sequence>
  <level>END</level>
  <class>com.kms.katalon.core.logging.XmlKeywordLogger</class>
  <method>endKeyword</method>
  <thread>1</thread>
  <message>End action : Response = sendRequest(findTestObject(\&amp;quot;POSTDataDrivenCustomer\&amp;quot;, [\&amp;quot;firstName\&amp;quot;:tc_fName, \&amp;quot;lastName\&amp;quot;:tc_lName, \&amp;quot;phone\&amp;quot;:tc_phone, \&amp;quot;email\&amp;quot;:tc_email, \&amp;quot;address\&amp;quot;:tc_address, \&amp;quot;city\&amp;quot;:tc_city, \&amp;quot;state\&amp;quot;:tc_state, ... ]))</message>
  <nestedLevel>1</nestedLevel>
</record>
<record>
  <date>2019-06-03T12:38:40</date>
  <millis>1559558320289</millis>
  <sequence>143</sequence>
  <level>START</level>
  <class>com.kms.katalon.core.logging.XmlKeywordLogger</class>
  <method>startKeyword</method>
  <thread>1</thread>
  <message>Start action : println(Response.getResponseText())</message>
  <nestedLevel>1</nestedLevel>
  <property name="startLine">20</property>
  <property name="stepIndex">2</property>
</record>
<record>
  <date>2019-06-03T12:38:40</date>
  <millis>1559558320289</millis>
  <sequence>144</sequence>
  <level>END</level>
  <class>com.kms.katalon.core.logging.XmlKeywordLogger</class>
  <method>endKeyword</method>
  <thread>1</thread>
  <message>End action : println(Response.getResponseText())</message>
  <nestedLevel>1</nestedLevel>
</record>
<record>
  <date>2019-06-03T12:38:40</date>
  <millis>1559558320290</millis>
  <sequence>145</sequence>
  <level>START</level>
  <class>com.kms.katalon.core.logging.XmlKeywordLogger</class>
  <method>startKeyword</method>
  <thread>1</thread>
  <message>Start action : verifyResponseStatusCode(Response, 201)</message>
  <nestedLevel>1</nestedLevel>
  <property name="startLine">22</property>
  <property name="stepIndex">3</property>
</record>
<record>
  <date>2019-06-03T12:38:40</date>
  <millis>1559558320291</millis>
  <sequence>147</sequence>
  <level>PASSED</level>
  <class>com.kms.katalon.core.logging.XmlKeywordLogger</class>
  <method>logMessage</method>
  <thread>1</thread>
  <message>Verify response status code successfully</message>
  <nestedLevel>1</nestedLevel>
</record>
<record>
  <date>2019-06-03T12:38:40</date>
  <millis>1559558320291</millis>
  <sequence>148</sequence>
  <level>END</level>
  <class>com.kms.katalon.core.logging.XmlKeywordLogger</class>
  <method>endKeyword</method>
  <thread>1</thread>
  <message>End action : verifyResponseStatusCode(Response, 201)</message>
  <nestedLevel>1</nestedLevel>
</record>
<record>
  <date>2019-06-03T12:38:40</date>
  <millis>1559558320291</millis>
  <sequence>149</sequence>
  <level>START</level>
  <class>com.kms.katalon.core.logging.XmlKeywordLogger</class>
  <method>startKeyword</method>
  <thread>1</thread>
  <message>Start action : verifyElementPropertyValue(Response, \&amp;quot;email\&amp;quot;, tc_email)</message>
  <nestedLevel>1</nestedLevel>
  <property name="startLine">24</property>
  <property name="stepIndex">4</property>
</record>
<record>
  <date>2019-06-03T12:38:40</date>
  <millis>1559558320306</millis>
  <sequence>151</sequence>
  <level>PASSED</level>
  <class>com.kms.katalon.core.logging.XmlKeywordLogger</class>
  <method>logMessage</method>
  <thread>1</thread>
  <message>Verify element property value successfully</message>
  <nestedLevel>1</nestedLevel>
</record>
<record>
  <date>2019-06-03T12:38:40</date>
  <millis>1559558320307</millis>
  <sequence>152</sequence>
  <level>END</level>
  <class>com.kms.katalon.core.logging.XmlKeywordLogger</class>
  <method>endKeyword</method>
  <thread>1</thread>
  <message>End action : verifyElementPropertyValue(Response, \&amp;quot;email\&amp;quot;, tc_email)</message>
  <nestedLevel>1</nestedLevel>
</record>
<record>
  <date>2019-06-03T12:38:40</date>
  <millis>1559558320307</millis>
  <sequence>153</sequence>
  <level>PASSED</level>
  <class>com.kms.katalon.core.logging.XmlKeywordLogger</class>
  <method>logMessage</method>
  <thread>1</thread>
  <message>Test Cases/TC_010_PostRequest_DynamicData_Customer</message>
  <nestedLevel>1</nestedLevel>
</record>
<record>
  <date>2019-06-03T12:38:40</date>
  <millis>1559558320307</millis>
  <sequence>154</sequence>
  <level>END</level>
  <class>com.kms.katalon.core.logging.XmlKeywordLogger</class>
  <method>endTest</method>
  <thread>1</thread>
  <message>End Test Case : Test Cases/TC_010_PostRequest_DynamicData_Customer</message>
  <nestedLevel>0</nestedLevel>
</record>
<record>
  <date>2019-06-03T12:38:40</date>
  <millis>1559558320338</millis>
  <sequence>155</sequence>
  <level>END</level>
  <class>com.kms.katalon.core.logging.XmlKeywordLogger</class>
  <method>endSuite</method>
  <thread>1</thread>
  <message>End Test Suite : Test Suites/DataDriven_CreateCustomer</message>
  <nestedLevel>0</nestedLevel>
</record>
</log>