<?xml version="1.0" encoding="UTF-8" standalone="no"?>
<!DOCTYPE log SYSTEM "logger.dtd">
<log>
<record>
  <date>2019-06-03T09:31:21</date>
  <millis>1559547081772</millis>
  <sequence>0</sequence>
  <level>START</level>
  <class>com.kms.katalon.core.logging.XmlKeywordLogger</class>
  <method>startSuite</method>
  <thread>1</thread>
  <message>Start Test Suite : Test Suites/DataDriven_Excel</message>
  <nestedLevel>0</nestedLevel>
  <property name="name">DataDriven_Excel</property>
  <property name="description"></property>
  <property name="id">Test Suites/DataDriven_Excel</property>
</record>
<record>
  <date>2019-06-03T09:31:21</date>
  <millis>1559547081785</millis>
  <sequence>1</sequence>
  <level>RUN_DATA</level>
  <class>com.kms.katalon.core.logging.XmlKeywordLogger</class>
  <method>logMessage</method>
  <thread>1</thread>
  <message>hostName = Matthias.Meier - DOPCMKG100.kps.kps-consulting.com</message>
  <nestedLevel>0</nestedLevel>
  <property name="hostName">Matthias.Meier - DOPCMKG100.kps.kps-consulting.com</property>
</record>
<record>
  <date>2019-06-03T09:31:21</date>
  <millis>1559547081786</millis>
  <sequence>2</sequence>
  <level>RUN_DATA</level>
  <class>com.kms.katalon.core.logging.XmlKeywordLogger</class>
  <method>logMessage</method>
  <thread>1</thread>
  <message>os = Windows 10 64bit</message>
  <nestedLevel>0</nestedLevel>
  <property name="os">Windows 10 64bit</property>
</record>
<record>
  <date>2019-06-03T09:31:21</date>
  <millis>1559547081786</millis>
  <sequence>3</sequence>
  <level>RUN_DATA</level>
  <class>com.kms.katalon.core.logging.XmlKeywordLogger</class>
  <method>logMessage</method>
  <thread>1</thread>
  <message>hostAddress = 10.10.40.135</message>
  <nestedLevel>0</nestedLevel>
  <property name="hostAddress">10.10.40.135</property>
</record>
<record>
  <date>2019-06-03T09:31:21</date>
  <millis>1559547081787</millis>
  <sequence>4</sequence>
  <level>RUN_DATA</level>
  <class>com.kms.katalon.core.logging.XmlKeywordLogger</class>
  <method>logMessage</method>
  <thread>1</thread>
  <message>katalonVersion = 6.1.5.3</message>
  <nestedLevel>0</nestedLevel>
  <property name="katalonVersion">6.1.5.3</property>
</record>
<record>
  <date>2019-06-03T09:31:21</date>
  <millis>1559547081959</millis>
  <sequence>5</sequence>
  <level>START</level>
  <class>com.kms.katalon.core.logging.XmlKeywordLogger</class>
  <method>startTest</method>
  <thread>1</thread>
  <message>Start Test Case : Test Cases/TC_009_GetRequest_DataDriven_Customer</message>
  <nestedLevel>1</nestedLevel>
  <property name="name">Test Cases/TC_009_GetRequest_DataDriven_Customer</property>
  <property name="description"></property>
  <property name="id">Test Cases/TC_009_GetRequest_DataDriven_Customer</property>
  <property name="source">C:\\Users\\matthias.meier\\Katalon Studio\\RestTesting_CustomerAPI\\Test Cases\\TC_009_GetRequest_DataDriven_Customer.tc</property>
  <property name="tag"></property>
  <property name="isOptional">false</property>
</record>
<record>
  <date>2019-06-03T09:31:21</date>
  <millis>1559547081977</millis>
  <sequence>7</sequence>
  <level>INFO</level>
  <class>com.kms.katalon.core.logging.XmlKeywordLogger</class>
  <method>logMessage</method>
  <thread>1</thread>
  <message>CID = cust2397971</message>
  <nestedLevel>1</nestedLevel>
</record>
<record>
  <date>2019-06-03T09:31:22</date>
  <millis>1559547082227</millis>
  <sequence>8</sequence>
  <level>START</level>
  <class>com.kms.katalon.core.logging.XmlKeywordLogger</class>
  <method>startKeyword</method>
  <thread>1</thread>
  <message>Start action : Response = sendRequest(findTestObject(\&amp;quot;GETDataDrivenCustomer\&amp;quot;, [\&amp;quot;customerID\&amp;quot;:CID]))</message>
  <nestedLevel>1</nestedLevel>
  <property name="startLine">16</property>
  <property name="stepIndex">1</property>
</record>
<record>
  <date>2019-06-03T09:31:23</date>
  <millis>1559547083809</millis>
  <sequence>12</sequence>
  <level>INFO</level>
  <class>com.kms.katalon.core.logging.XmlKeywordLogger</class>
  <method>logMessage</method>
  <thread>1</thread>
  <message>HAR: C:\\Users\\matthias.meier\\Katalon Studio\\RestTesting_CustomerAPI\\Reports\\DataDriven_Excel\\20190603_093119\\requests\\main\\0.har</message>
  <nestedLevel>1</nestedLevel>
  <property name="harId">74c5e97d-d283-4693-8e55-efa1070b774a</property>
</record>
<record>
  <date>2019-06-03T09:31:23</date>
  <millis>1559547083891</millis>
  <sequence>13</sequence>
  <level>PASSED</level>
  <class>com.kms.katalon.core.logging.XmlKeywordLogger</class>
  <method>logMessage</method>
  <thread>1</thread>
  <message>Send request successfully</message>
  <nestedLevel>1</nestedLevel>
</record>
<record>
  <date>2019-06-03T09:31:23</date>
  <millis>1559547083891</millis>
  <sequence>14</sequence>
  <level>END</level>
  <class>com.kms.katalon.core.logging.XmlKeywordLogger</class>
  <method>endKeyword</method>
  <thread>1</thread>
  <message>End action : Response = sendRequest(findTestObject(\&amp;quot;GETDataDrivenCustomer\&amp;quot;, [\&amp;quot;customerID\&amp;quot;:CID]))</message>
  <nestedLevel>1</nestedLevel>
</record>
<record>
  <date>2019-06-03T09:31:23</date>
  <millis>1559547083892</millis>
  <sequence>15</sequence>
  <level>START</level>
  <class>com.kms.katalon.core.logging.XmlKeywordLogger</class>
  <method>startKeyword</method>
  <thread>1</thread>
  <message>Start action : println(Response.getResponseText())</message>
  <nestedLevel>1</nestedLevel>
  <property name="startLine">18</property>
  <property name="stepIndex">2</property>
</record>
<record>
  <date>2019-06-03T09:31:23</date>
  <millis>1559547083899</millis>
  <sequence>16</sequence>
  <level>END</level>
  <class>com.kms.katalon.core.logging.XmlKeywordLogger</class>
  <method>endKeyword</method>
  <thread>1</thread>
  <message>End action : println(Response.getResponseText())</message>
  <nestedLevel>1</nestedLevel>
</record>
<record>
  <date>2019-06-03T09:31:23</date>
  <millis>1559547083899</millis>
  <sequence>17</sequence>
  <level>START</level>
  <class>com.kms.katalon.core.logging.XmlKeywordLogger</class>
  <method>startKeyword</method>
  <thread>1</thread>
  <message>Start action : verifyResponseStatusCode(Response, 200)</message>
  <nestedLevel>1</nestedLevel>
  <property name="startLine">20</property>
  <property name="stepIndex">3</property>
</record>
<record>
  <date>2019-06-03T09:31:23</date>
  <millis>1559547083909</millis>
  <sequence>19</sequence>
  <level>PASSED</level>
  <class>com.kms.katalon.core.logging.XmlKeywordLogger</class>
  <method>logMessage</method>
  <thread>1</thread>
  <message>Verify response status code successfully</message>
  <nestedLevel>1</nestedLevel>
</record>
<record>
  <date>2019-06-03T09:31:23</date>
  <millis>1559547083909</millis>
  <sequence>20</sequence>
  <level>END</level>
  <class>com.kms.katalon.core.logging.XmlKeywordLogger</class>
  <method>endKeyword</method>
  <thread>1</thread>
  <message>End action : verifyResponseStatusCode(Response, 200)</message>
  <nestedLevel>1</nestedLevel>
</record>
<record>
  <date>2019-06-03T09:31:23</date>
  <millis>1559547083910</millis>
  <sequence>21</sequence>
  <level>PASSED</level>
  <class>com.kms.katalon.core.logging.XmlKeywordLogger</class>
  <method>logMessage</method>
  <thread>1</thread>
  <message>Test Cases/TC_009_GetRequest_DataDriven_Customer</message>
  <nestedLevel>1</nestedLevel>
</record>
<record>
  <date>2019-06-03T09:31:23</date>
  <millis>1559547083910</millis>
  <sequence>22</sequence>
  <level>END</level>
  <class>com.kms.katalon.core.logging.XmlKeywordLogger</class>
  <method>endTest</method>
  <thread>1</thread>
  <message>End Test Case : Test Cases/TC_009_GetRequest_DataDriven_Customer</message>
  <nestedLevel>0</nestedLevel>
</record>
<record>
  <date>2019-06-03T09:31:23</date>
  <millis>1559547083914</millis>
  <sequence>23</sequence>
  <level>START</level>
  <class>com.kms.katalon.core.logging.XmlKeywordLogger</class>
  <method>startTest</method>
  <thread>1</thread>
  <message>Start Test Case : Test Cases/TC_009_GetRequest_DataDriven_Customer</message>
  <nestedLevel>1</nestedLevel>
  <property name="name">Test Cases/TC_009_GetRequest_DataDriven_Customer</property>
  <property name="description"></property>
  <property name="id">Test Cases/TC_009_GetRequest_DataDriven_Customer</property>
  <property name="source">C:\\Users\\matthias.meier\\Katalon Studio\\RestTesting_CustomerAPI\\Test Cases\\TC_009_GetRequest_DataDriven_Customer.tc</property>
  <property name="tag"></property>
  <property name="isOptional">false</property>
</record>
<record>
  <date>2019-06-03T09:31:23</date>
  <millis>1559547083920</millis>
  <sequence>25</sequence>
  <level>INFO</level>
  <class>com.kms.katalon.core.logging.XmlKeywordLogger</class>
  <method>logMessage</method>
  <thread>1</thread>
  <message>CID = cust3815060</message>
  <nestedLevel>1</nestedLevel>
</record>
<record>
  <date>2019-06-03T09:31:23</date>
  <millis>1559547083922</millis>
  <sequence>26</sequence>
  <level>START</level>
  <class>com.kms.katalon.core.logging.XmlKeywordLogger</class>
  <method>startKeyword</method>
  <thread>1</thread>
  <message>Start action : Response = sendRequest(findTestObject(\&amp;quot;GETDataDrivenCustomer\&amp;quot;, [\&amp;quot;customerID\&amp;quot;:CID]))</message>
  <nestedLevel>1</nestedLevel>
  <property name="startLine">16</property>
  <property name="stepIndex">1</property>
</record>
<record>
  <date>2019-06-03T09:31:23</date>
  <millis>1559547083985</millis>
  <sequence>30</sequence>
  <level>INFO</level>
  <class>com.kms.katalon.core.logging.XmlKeywordLogger</class>
  <method>logMessage</method>
  <thread>1</thread>
  <message>HAR: C:\\Users\\matthias.meier\\Katalon Studio\\RestTesting_CustomerAPI\\Reports\\DataDriven_Excel\\20190603_093119\\requests\\main\\1.har</message>
  <nestedLevel>1</nestedLevel>
  <property name="harId">a5d0994f-9b41-455a-9c41-355a3364f72b</property>
</record>
<record>
  <date>2019-06-03T09:31:23</date>
  <millis>1559547083987</millis>
  <sequence>31</sequence>
  <level>PASSED</level>
  <class>com.kms.katalon.core.logging.XmlKeywordLogger</class>
  <method>logMessage</method>
  <thread>1</thread>
  <message>Send request successfully</message>
  <nestedLevel>1</nestedLevel>
</record>
<record>
  <date>2019-06-03T09:31:23</date>
  <millis>1559547083988</millis>
  <sequence>32</sequence>
  <level>END</level>
  <class>com.kms.katalon.core.logging.XmlKeywordLogger</class>
  <method>endKeyword</method>
  <thread>1</thread>
  <message>End action : Response = sendRequest(findTestObject(\&amp;quot;GETDataDrivenCustomer\&amp;quot;, [\&amp;quot;customerID\&amp;quot;:CID]))</message>
  <nestedLevel>1</nestedLevel>
</record>
<record>
  <date>2019-06-03T09:31:23</date>
  <millis>1559547083988</millis>
  <sequence>33</sequence>
  <level>START</level>
  <class>com.kms.katalon.core.logging.XmlKeywordLogger</class>
  <method>startKeyword</method>
  <thread>1</thread>
  <message>Start action : println(Response.getResponseText())</message>
  <nestedLevel>1</nestedLevel>
  <property name="startLine">18</property>
  <property name="stepIndex">2</property>
</record>
<record>
  <date>2019-06-03T09:31:23</date>
  <millis>1559547083989</millis>
  <sequence>34</sequence>
  <level>END</level>
  <class>com.kms.katalon.core.logging.XmlKeywordLogger</class>
  <method>endKeyword</method>
  <thread>1</thread>
  <message>End action : println(Response.getResponseText())</message>
  <nestedLevel>1</nestedLevel>
</record>
<record>
  <date>2019-06-03T09:31:23</date>
  <millis>1559547083989</millis>
  <sequence>35</sequence>
  <level>START</level>
  <class>com.kms.katalon.core.logging.XmlKeywordLogger</class>
  <method>startKeyword</method>
  <thread>1</thread>
  <message>Start action : verifyResponseStatusCode(Response, 200)</message>
  <nestedLevel>1</nestedLevel>
  <property name="startLine">20</property>
  <property name="stepIndex">3</property>
</record>
<record>
  <date>2019-06-03T09:31:23</date>
  <millis>1559547083991</millis>
  <sequence>37</sequence>
  <level>PASSED</level>
  <class>com.kms.katalon.core.logging.XmlKeywordLogger</class>
  <method>logMessage</method>
  <thread>1</thread>
  <message>Verify response status code successfully</message>
  <nestedLevel>1</nestedLevel>
</record>
<record>
  <date>2019-06-03T09:31:23</date>
  <millis>1559547083991</millis>
  <sequence>38</sequence>
  <level>END</level>
  <class>com.kms.katalon.core.logging.XmlKeywordLogger</class>
  <method>endKeyword</method>
  <thread>1</thread>
  <message>End action : verifyResponseStatusCode(Response, 200)</message>
  <nestedLevel>1</nestedLevel>
</record>
<record>
  <date>2019-06-03T09:31:23</date>
  <millis>1559547083991</millis>
  <sequence>39</sequence>
  <level>PASSED</level>
  <class>com.kms.katalon.core.logging.XmlKeywordLogger</class>
  <method>logMessage</method>
  <thread>1</thread>
  <message>Test Cases/TC_009_GetRequest_DataDriven_Customer</message>
  <nestedLevel>1</nestedLevel>
</record>
<record>
  <date>2019-06-03T09:31:23</date>
  <millis>1559547083992</millis>
  <sequence>40</sequence>
  <level>END</level>
  <class>com.kms.katalon.core.logging.XmlKeywordLogger</class>
  <method>endTest</method>
  <thread>1</thread>
  <message>End Test Case : Test Cases/TC_009_GetRequest_DataDriven_Customer</message>
  <nestedLevel>0</nestedLevel>
</record>
<record>
  <date>2019-06-03T09:31:23</date>
  <millis>1559547083995</millis>
  <sequence>41</sequence>
  <level>START</level>
  <class>com.kms.katalon.core.logging.XmlKeywordLogger</class>
  <method>startTest</method>
  <thread>1</thread>
  <message>Start Test Case : Test Cases/TC_009_GetRequest_DataDriven_Customer</message>
  <nestedLevel>1</nestedLevel>
  <property name="name">Test Cases/TC_009_GetRequest_DataDriven_Customer</property>
  <property name="description"></property>
  <property name="id">Test Cases/TC_009_GetRequest_DataDriven_Customer</property>
  <property name="source">C:\\Users\\matthias.meier\\Katalon Studio\\RestTesting_CustomerAPI\\Test Cases\\TC_009_GetRequest_DataDriven_Customer.tc</property>
  <property name="tag"></property>
  <property name="isOptional">false</property>
</record>
<record>
  <date>2019-06-03T09:31:24</date>
  <millis>1559547084001</millis>
  <sequence>43</sequence>
  <level>INFO</level>
  <class>com.kms.katalon.core.logging.XmlKeywordLogger</class>
  <method>logMessage</method>
  <thread>1</thread>
  <message>CID = cust5393677</message>
  <nestedLevel>1</nestedLevel>
</record>
<record>
  <date>2019-06-03T09:31:24</date>
  <millis>1559547084003</millis>
  <sequence>44</sequence>
  <level>START</level>
  <class>com.kms.katalon.core.logging.XmlKeywordLogger</class>
  <method>startKeyword</method>
  <thread>1</thread>
  <message>Start action : Response = sendRequest(findTestObject(\&amp;quot;GETDataDrivenCustomer\&amp;quot;, [\&amp;quot;customerID\&amp;quot;:CID]))</message>
  <nestedLevel>1</nestedLevel>
  <property name="startLine">16</property>
  <property name="stepIndex">1</property>
</record>
<record>
  <date>2019-06-03T09:31:24</date>
  <millis>1559547084053</millis>
  <sequence>48</sequence>
  <level>INFO</level>
  <class>com.kms.katalon.core.logging.XmlKeywordLogger</class>
  <method>logMessage</method>
  <thread>1</thread>
  <message>HAR: C:\\Users\\matthias.meier\\Katalon Studio\\RestTesting_CustomerAPI\\Reports\\DataDriven_Excel\\20190603_093119\\requests\\main\\2.har</message>
  <nestedLevel>1</nestedLevel>
  <property name="harId">b1313981-ffdd-4803-a33b-43b605a51011</property>
</record>
<record>
  <date>2019-06-03T09:31:24</date>
  <millis>1559547084055</millis>
  <sequence>49</sequence>
  <level>PASSED</level>
  <class>com.kms.katalon.core.logging.XmlKeywordLogger</class>
  <method>logMessage</method>
  <thread>1</thread>
  <message>Send request successfully</message>
  <nestedLevel>1</nestedLevel>
</record>
<record>
  <date>2019-06-03T09:31:24</date>
  <millis>1559547084055</millis>
  <sequence>50</sequence>
  <level>END</level>
  <class>com.kms.katalon.core.logging.XmlKeywordLogger</class>
  <method>endKeyword</method>
  <thread>1</thread>
  <message>End action : Response = sendRequest(findTestObject(\&amp;quot;GETDataDrivenCustomer\&amp;quot;, [\&amp;quot;customerID\&amp;quot;:CID]))</message>
  <nestedLevel>1</nestedLevel>
</record>
<record>
  <date>2019-06-03T09:31:24</date>
  <millis>1559547084056</millis>
  <sequence>51</sequence>
  <level>START</level>
  <class>com.kms.katalon.core.logging.XmlKeywordLogger</class>
  <method>startKeyword</method>
  <thread>1</thread>
  <message>Start action : println(Response.getResponseText())</message>
  <nestedLevel>1</nestedLevel>
  <property name="startLine">18</property>
  <property name="stepIndex">2</property>
</record>
<record>
  <date>2019-06-03T09:31:24</date>
  <millis>1559547084056</millis>
  <sequence>52</sequence>
  <level>END</level>
  <class>com.kms.katalon.core.logging.XmlKeywordLogger</class>
  <method>endKeyword</method>
  <thread>1</thread>
  <message>End action : println(Response.getResponseText())</message>
  <nestedLevel>1</nestedLevel>
</record>
<record>
  <date>2019-06-03T09:31:24</date>
  <millis>1559547084057</millis>
  <sequence>53</sequence>
  <level>START</level>
  <class>com.kms.katalon.core.logging.XmlKeywordLogger</class>
  <method>startKeyword</method>
  <thread>1</thread>
  <message>Start action : verifyResponseStatusCode(Response, 200)</message>
  <nestedLevel>1</nestedLevel>
  <property name="startLine">20</property>
  <property name="stepIndex">3</property>
</record>
<record>
  <date>2019-06-03T09:31:24</date>
  <millis>1559547084058</millis>
  <sequence>55</sequence>
  <level>PASSED</level>
  <class>com.kms.katalon.core.logging.XmlKeywordLogger</class>
  <method>logMessage</method>
  <thread>1</thread>
  <message>Verify response status code successfully</message>
  <nestedLevel>1</nestedLevel>
</record>
<record>
  <date>2019-06-03T09:31:24</date>
  <millis>1559547084059</millis>
  <sequence>56</sequence>
  <level>END</level>
  <class>com.kms.katalon.core.logging.XmlKeywordLogger</class>
  <method>endKeyword</method>
  <thread>1</thread>
  <message>End action : verifyResponseStatusCode(Response, 200)</message>
  <nestedLevel>1</nestedLevel>
</record>
<record>
  <date>2019-06-03T09:31:24</date>
  <millis>1559547084059</millis>
  <sequence>57</sequence>
  <level>PASSED</level>
  <class>com.kms.katalon.core.logging.XmlKeywordLogger</class>
  <method>logMessage</method>
  <thread>1</thread>
  <message>Test Cases/TC_009_GetRequest_DataDriven_Customer</message>
  <nestedLevel>1</nestedLevel>
</record>
<record>
  <date>2019-06-03T09:31:24</date>
  <millis>1559547084059</millis>
  <sequence>58</sequence>
  <level>END</level>
  <class>com.kms.katalon.core.logging.XmlKeywordLogger</class>
  <method>endTest</method>
  <thread>1</thread>
  <message>End Test Case : Test Cases/TC_009_GetRequest_DataDriven_Customer</message>
  <nestedLevel>0</nestedLevel>
</record>
<record>
  <date>2019-06-03T09:31:24</date>
  <millis>1559547084063</millis>
  <sequence>59</sequence>
  <level>START</level>
  <class>com.kms.katalon.core.logging.XmlKeywordLogger</class>
  <method>startTest</method>
  <thread>1</thread>
  <message>Start Test Case : Test Cases/TC_009_GetRequest_DataDriven_Customer</message>
  <nestedLevel>1</nestedLevel>
  <property name="name">Test Cases/TC_009_GetRequest_DataDriven_Customer</property>
  <property name="description"></property>
  <property name="id">Test Cases/TC_009_GetRequest_DataDriven_Customer</property>
  <property name="source">C:\\Users\\matthias.meier\\Katalon Studio\\RestTesting_CustomerAPI\\Test Cases\\TC_009_GetRequest_DataDriven_Customer.tc</property>
  <property name="tag"></property>
  <property name="isOptional">false</property>
</record>
<record>
  <date>2019-06-03T09:31:24</date>
  <millis>1559547084068</millis>
  <sequence>61</sequence>
  <level>INFO</level>
  <class>com.kms.katalon.core.logging.XmlKeywordLogger</class>
  <method>logMessage</method>
  <thread>1</thread>
  <message>CID = cust5685508</message>
  <nestedLevel>1</nestedLevel>
</record>
<record>
  <date>2019-06-03T09:31:24</date>
  <millis>1559547084069</millis>
  <sequence>62</sequence>
  <level>START</level>
  <class>com.kms.katalon.core.logging.XmlKeywordLogger</class>
  <method>startKeyword</method>
  <thread>1</thread>
  <message>Start action : Response = sendRequest(findTestObject(\&amp;quot;GETDataDrivenCustomer\&amp;quot;, [\&amp;quot;customerID\&amp;quot;:CID]))</message>
  <nestedLevel>1</nestedLevel>
  <property name="startLine">16</property>
  <property name="stepIndex">1</property>
</record>
<record>
  <date>2019-06-03T09:31:24</date>
  <millis>1559547084121</millis>
  <sequence>66</sequence>
  <level>INFO</level>
  <class>com.kms.katalon.core.logging.XmlKeywordLogger</class>
  <method>logMessage</method>
  <thread>1</thread>
  <message>HAR: C:\\Users\\matthias.meier\\Katalon Studio\\RestTesting_CustomerAPI\\Reports\\DataDriven_Excel\\20190603_093119\\requests\\main\\3.har</message>
  <nestedLevel>1</nestedLevel>
  <property name="harId">2175e7cb-9250-4586-bbe5-5489e2e434b3</property>
</record>
<record>
  <date>2019-06-03T09:31:24</date>
  <millis>1559547084123</millis>
  <sequence>67</sequence>
  <level>PASSED</level>
  <class>com.kms.katalon.core.logging.XmlKeywordLogger</class>
  <method>logMessage</method>
  <thread>1</thread>
  <message>Send request successfully</message>
  <nestedLevel>1</nestedLevel>
</record>
<record>
  <date>2019-06-03T09:31:24</date>
  <millis>1559547084123</millis>
  <sequence>68</sequence>
  <level>END</level>
  <class>com.kms.katalon.core.logging.XmlKeywordLogger</class>
  <method>endKeyword</method>
  <thread>1</thread>
  <message>End action : Response = sendRequest(findTestObject(\&amp;quot;GETDataDrivenCustomer\&amp;quot;, [\&amp;quot;customerID\&amp;quot;:CID]))</message>
  <nestedLevel>1</nestedLevel>
</record>
<record>
  <date>2019-06-03T09:31:24</date>
  <millis>1559547084123</millis>
  <sequence>69</sequence>
  <level>START</level>
  <class>com.kms.katalon.core.logging.XmlKeywordLogger</class>
  <method>startKeyword</method>
  <thread>1</thread>
  <message>Start action : println(Response.getResponseText())</message>
  <nestedLevel>1</nestedLevel>
  <property name="startLine">18</property>
  <property name="stepIndex">2</property>
</record>
<record>
  <date>2019-06-03T09:31:24</date>
  <millis>1559547084124</millis>
  <sequence>70</sequence>
  <level>END</level>
  <class>com.kms.katalon.core.logging.XmlKeywordLogger</class>
  <method>endKeyword</method>
  <thread>1</thread>
  <message>End action : println(Response.getResponseText())</message>
  <nestedLevel>1</nestedLevel>
</record>
<record>
  <date>2019-06-03T09:31:24</date>
  <millis>1559547084124</millis>
  <sequence>71</sequence>
  <level>START</level>
  <class>com.kms.katalon.core.logging.XmlKeywordLogger</class>
  <method>startKeyword</method>
  <thread>1</thread>
  <message>Start action : verifyResponseStatusCode(Response, 200)</message>
  <nestedLevel>1</nestedLevel>
  <property name="startLine">20</property>
  <property name="stepIndex">3</property>
</record>
<record>
  <date>2019-06-03T09:31:24</date>
  <millis>1559547084126</millis>
  <sequence>73</sequence>
  <level>PASSED</level>
  <class>com.kms.katalon.core.logging.XmlKeywordLogger</class>
  <method>logMessage</method>
  <thread>1</thread>
  <message>Verify response status code successfully</message>
  <nestedLevel>1</nestedLevel>
</record>
<record>
  <date>2019-06-03T09:31:24</date>
  <millis>1559547084126</millis>
  <sequence>74</sequence>
  <level>END</level>
  <class>com.kms.katalon.core.logging.XmlKeywordLogger</class>
  <method>endKeyword</method>
  <thread>1</thread>
  <message>End action : verifyResponseStatusCode(Response, 200)</message>
  <nestedLevel>1</nestedLevel>
</record>
<record>
  <date>2019-06-03T09:31:24</date>
  <millis>1559547084126</millis>
  <sequence>75</sequence>
  <level>PASSED</level>
  <class>com.kms.katalon.core.logging.XmlKeywordLogger</class>
  <method>logMessage</method>
  <thread>1</thread>
  <message>Test Cases/TC_009_GetRequest_DataDriven_Customer</message>
  <nestedLevel>1</nestedLevel>
</record>
<record>
  <date>2019-06-03T09:31:24</date>
  <millis>1559547084127</millis>
  <sequence>76</sequence>
  <level>END</level>
  <class>com.kms.katalon.core.logging.XmlKeywordLogger</class>
  <method>endTest</method>
  <thread>1</thread>
  <message>End Test Case : Test Cases/TC_009_GetRequest_DataDriven_Customer</message>
  <nestedLevel>0</nestedLevel>
</record>
<record>
  <date>2019-06-03T09:31:24</date>
  <millis>1559547084131</millis>
  <sequence>77</sequence>
  <level>START</level>
  <class>com.kms.katalon.core.logging.XmlKeywordLogger</class>
  <method>startTest</method>
  <thread>1</thread>
  <message>Start Test Case : Test Cases/TC_009_GetRequest_DataDriven_Customer</message>
  <nestedLevel>1</nestedLevel>
  <property name="name">Test Cases/TC_009_GetRequest_DataDriven_Customer</property>
  <property name="description"></property>
  <property name="id">Test Cases/TC_009_GetRequest_DataDriven_Customer</property>
  <property name="source">C:\\Users\\matthias.meier\\Katalon Studio\\RestTesting_CustomerAPI\\Test Cases\\TC_009_GetRequest_DataDriven_Customer.tc</property>
  <property name="tag"></property>
  <property name="isOptional">false</property>
</record>
<record>
  <date>2019-06-03T09:31:24</date>
  <millis>1559547084135</millis>
  <sequence>79</sequence>
  <level>INFO</level>
  <class>com.kms.katalon.core.logging.XmlKeywordLogger</class>
  <method>logMessage</method>
  <thread>1</thread>
  <message>CID = cust6563100</message>
  <nestedLevel>1</nestedLevel>
</record>
<record>
  <date>2019-06-03T09:31:24</date>
  <millis>1559547084136</millis>
  <sequence>80</sequence>
  <level>START</level>
  <class>com.kms.katalon.core.logging.XmlKeywordLogger</class>
  <method>startKeyword</method>
  <thread>1</thread>
  <message>Start action : Response = sendRequest(findTestObject(\&amp;quot;GETDataDrivenCustomer\&amp;quot;, [\&amp;quot;customerID\&amp;quot;:CID]))</message>
  <nestedLevel>1</nestedLevel>
  <property name="startLine">16</property>
  <property name="stepIndex">1</property>
</record>
<record>
  <date>2019-06-03T09:31:24</date>
  <millis>1559547084174</millis>
  <sequence>84</sequence>
  <level>INFO</level>
  <class>com.kms.katalon.core.logging.XmlKeywordLogger</class>
  <method>logMessage</method>
  <thread>1</thread>
  <message>HAR: C:\\Users\\matthias.meier\\Katalon Studio\\RestTesting_CustomerAPI\\Reports\\DataDriven_Excel\\20190603_093119\\requests\\main\\4.har</message>
  <nestedLevel>1</nestedLevel>
  <property name="harId">867a9d93-e277-442d-b53f-c4f01cd907d7</property>
</record>
<record>
  <date>2019-06-03T09:31:24</date>
  <millis>1559547084175</millis>
  <sequence>85</sequence>
  <level>PASSED</level>
  <class>com.kms.katalon.core.logging.XmlKeywordLogger</class>
  <method>logMessage</method>
  <thread>1</thread>
  <message>Send request successfully</message>
  <nestedLevel>1</nestedLevel>
</record>
<record>
  <date>2019-06-03T09:31:24</date>
  <millis>1559547084175</millis>
  <sequence>86</sequence>
  <level>END</level>
  <class>com.kms.katalon.core.logging.XmlKeywordLogger</class>
  <method>endKeyword</method>
  <thread>1</thread>
  <message>End action : Response = sendRequest(findTestObject(\&amp;quot;GETDataDrivenCustomer\&amp;quot;, [\&amp;quot;customerID\&amp;quot;:CID]))</message>
  <nestedLevel>1</nestedLevel>
</record>
<record>
  <date>2019-06-03T09:31:24</date>
  <millis>1559547084176</millis>
  <sequence>87</sequence>
  <level>START</level>
  <class>com.kms.katalon.core.logging.XmlKeywordLogger</class>
  <method>startKeyword</method>
  <thread>1</thread>
  <message>Start action : println(Response.getResponseText())</message>
  <nestedLevel>1</nestedLevel>
  <property name="startLine">18</property>
  <property name="stepIndex">2</property>
</record>
<record>
  <date>2019-06-03T09:31:24</date>
  <millis>1559547084176</millis>
  <sequence>88</sequence>
  <level>END</level>
  <class>com.kms.katalon.core.logging.XmlKeywordLogger</class>
  <method>endKeyword</method>
  <thread>1</thread>
  <message>End action : println(Response.getResponseText())</message>
  <nestedLevel>1</nestedLevel>
</record>
<record>
  <date>2019-06-03T09:31:24</date>
  <millis>1559547084176</millis>
  <sequence>89</sequence>
  <level>START</level>
  <class>com.kms.katalon.core.logging.XmlKeywordLogger</class>
  <method>startKeyword</method>
  <thread>1</thread>
  <message>Start action : verifyResponseStatusCode(Response, 200)</message>
  <nestedLevel>1</nestedLevel>
  <property name="startLine">20</property>
  <property name="stepIndex">3</property>
</record>
<record>
  <date>2019-06-03T09:31:24</date>
  <millis>1559547084177</millis>
  <sequence>91</sequence>
  <level>PASSED</level>
  <class>com.kms.katalon.core.logging.XmlKeywordLogger</class>
  <method>logMessage</method>
  <thread>1</thread>
  <message>Verify response status code successfully</message>
  <nestedLevel>1</nestedLevel>
</record>
<record>
  <date>2019-06-03T09:31:24</date>
  <millis>1559547084178</millis>
  <sequence>92</sequence>
  <level>END</level>
  <class>com.kms.katalon.core.logging.XmlKeywordLogger</class>
  <method>endKeyword</method>
  <thread>1</thread>
  <message>End action : verifyResponseStatusCode(Response, 200)</message>
  <nestedLevel>1</nestedLevel>
</record>
<record>
  <date>2019-06-03T09:31:24</date>
  <millis>1559547084178</millis>
  <sequence>93</sequence>
  <level>PASSED</level>
  <class>com.kms.katalon.core.logging.XmlKeywordLogger</class>
  <method>logMessage</method>
  <thread>1</thread>
  <message>Test Cases/TC_009_GetRequest_DataDriven_Customer</message>
  <nestedLevel>1</nestedLevel>
</record>
<record>
  <date>2019-06-03T09:31:24</date>
  <millis>1559547084179</millis>
  <sequence>94</sequence>
  <level>END</level>
  <class>com.kms.katalon.core.logging.XmlKeywordLogger</class>
  <method>endTest</method>
  <thread>1</thread>
  <message>End Test Case : Test Cases/TC_009_GetRequest_DataDriven_Customer</message>
  <nestedLevel>0</nestedLevel>
</record>
<record>
  <date>2019-06-03T09:31:24</date>
  <millis>1559547084182</millis>
  <sequence>95</sequence>
  <level>START</level>
  <class>com.kms.katalon.core.logging.XmlKeywordLogger</class>
  <method>startTest</method>
  <thread>1</thread>
  <message>Start Test Case : Test Cases/TC_009_GetRequest_DataDriven_Customer</message>
  <nestedLevel>1</nestedLevel>
  <property name="name">Test Cases/TC_009_GetRequest_DataDriven_Customer</property>
  <property name="description"></property>
  <property name="id">Test Cases/TC_009_GetRequest_DataDriven_Customer</property>
  <property name="source">C:\\Users\\matthias.meier\\Katalon Studio\\RestTesting_CustomerAPI\\Test Cases\\TC_009_GetRequest_DataDriven_Customer.tc</property>
  <property name="tag"></property>
  <property name="isOptional">false</property>
</record>
<record>
  <date>2019-06-03T09:31:24</date>
  <millis>1559547084187</millis>
  <sequence>97</sequence>
  <level>INFO</level>
  <class>com.kms.katalon.core.logging.XmlKeywordLogger</class>
  <method>logMessage</method>
  <thread>1</thread>
  <message>CID = cust7707644</message>
  <nestedLevel>1</nestedLevel>
</record>
<record>
  <date>2019-06-03T09:31:24</date>
  <millis>1559547084188</millis>
  <sequence>98</sequence>
  <level>START</level>
  <class>com.kms.katalon.core.logging.XmlKeywordLogger</class>
  <method>startKeyword</method>
  <thread>1</thread>
  <message>Start action : Response = sendRequest(findTestObject(\&amp;quot;GETDataDrivenCustomer\&amp;quot;, [\&amp;quot;customerID\&amp;quot;:CID]))</message>
  <nestedLevel>1</nestedLevel>
  <property name="startLine">16</property>
  <property name="stepIndex">1</property>
</record>
<record>
  <date>2019-06-03T09:31:24</date>
  <millis>1559547084232</millis>
  <sequence>102</sequence>
  <level>INFO</level>
  <class>com.kms.katalon.core.logging.XmlKeywordLogger</class>
  <method>logMessage</method>
  <thread>1</thread>
  <message>HAR: C:\\Users\\matthias.meier\\Katalon Studio\\RestTesting_CustomerAPI\\Reports\\DataDriven_Excel\\20190603_093119\\requests\\main\\5.har</message>
  <nestedLevel>1</nestedLevel>
  <property name="harId">a09f2cea-cab3-4b3a-81d2-bfb1cd8b4c12</property>
</record>
<record>
  <date>2019-06-03T09:31:24</date>
  <millis>1559547084234</millis>
  <sequence>103</sequence>
  <level>PASSED</level>
  <class>com.kms.katalon.core.logging.XmlKeywordLogger</class>
  <method>logMessage</method>
  <thread>1</thread>
  <message>Send request successfully</message>
  <nestedLevel>1</nestedLevel>
</record>
<record>
  <date>2019-06-03T09:31:24</date>
  <millis>1559547084235</millis>
  <sequence>104</sequence>
  <level>END</level>
  <class>com.kms.katalon.core.logging.XmlKeywordLogger</class>
  <method>endKeyword</method>
  <thread>1</thread>
  <message>End action : Response = sendRequest(findTestObject(\&amp;quot;GETDataDrivenCustomer\&amp;quot;, [\&amp;quot;customerID\&amp;quot;:CID]))</message>
  <nestedLevel>1</nestedLevel>
</record>
<record>
  <date>2019-06-03T09:31:24</date>
  <millis>1559547084235</millis>
  <sequence>105</sequence>
  <level>START</level>
  <class>com.kms.katalon.core.logging.XmlKeywordLogger</class>
  <method>startKeyword</method>
  <thread>1</thread>
  <message>Start action : println(Response.getResponseText())</message>
  <nestedLevel>1</nestedLevel>
  <property name="startLine">18</property>
  <property name="stepIndex">2</property>
</record>
<record>
  <date>2019-06-03T09:31:24</date>
  <millis>1559547084236</millis>
  <sequence>106</sequence>
  <level>END</level>
  <class>com.kms.katalon.core.logging.XmlKeywordLogger</class>
  <method>endKeyword</method>
  <thread>1</thread>
  <message>End action : println(Response.getResponseText())</message>
  <nestedLevel>1</nestedLevel>
</record>
<record>
  <date>2019-06-03T09:31:24</date>
  <millis>1559547084236</millis>
  <sequence>107</sequence>
  <level>START</level>
  <class>com.kms.katalon.core.logging.XmlKeywordLogger</class>
  <method>startKeyword</method>
  <thread>1</thread>
  <message>Start action : verifyResponseStatusCode(Response, 200)</message>
  <nestedLevel>1</nestedLevel>
  <property name="startLine">20</property>
  <property name="stepIndex">3</property>
</record>
<record>
  <date>2019-06-03T09:31:24</date>
  <millis>1559547084237</millis>
  <sequence>109</sequence>
  <level>PASSED</level>
  <class>com.kms.katalon.core.logging.XmlKeywordLogger</class>
  <method>logMessage</method>
  <thread>1</thread>
  <message>Verify response status code successfully</message>
  <nestedLevel>1</nestedLevel>
</record>
<record>
  <date>2019-06-03T09:31:24</date>
  <millis>1559547084238</millis>
  <sequence>110</sequence>
  <level>END</level>
  <class>com.kms.katalon.core.logging.XmlKeywordLogger</class>
  <method>endKeyword</method>
  <thread>1</thread>
  <message>End action : verifyResponseStatusCode(Response, 200)</message>
  <nestedLevel>1</nestedLevel>
</record>
<record>
  <date>2019-06-03T09:31:24</date>
  <millis>1559547084238</millis>
  <sequence>111</sequence>
  <level>PASSED</level>
  <class>com.kms.katalon.core.logging.XmlKeywordLogger</class>
  <method>logMessage</method>
  <thread>1</thread>
  <message>Test Cases/TC_009_GetRequest_DataDriven_Customer</message>
  <nestedLevel>1</nestedLevel>
</record>
<record>
  <date>2019-06-03T09:31:24</date>
  <millis>1559547084238</millis>
  <sequence>112</sequence>
  <level>END</level>
  <class>com.kms.katalon.core.logging.XmlKeywordLogger</class>
  <method>endTest</method>
  <thread>1</thread>
  <message>End Test Case : Test Cases/TC_009_GetRequest_DataDriven_Customer</message>
  <nestedLevel>0</nestedLevel>
</record>
<record>
  <date>2019-06-03T09:31:24</date>
  <millis>1559547084241</millis>
  <sequence>113</sequence>
  <level>START</level>
  <class>com.kms.katalon.core.logging.XmlKeywordLogger</class>
  <method>startTest</method>
  <thread>1</thread>
  <message>Start Test Case : Test Cases/TC_009_GetRequest_DataDriven_Customer</message>
  <nestedLevel>1</nestedLevel>
  <property name="name">Test Cases/TC_009_GetRequest_DataDriven_Customer</property>
  <property name="description"></property>
  <property name="id">Test Cases/TC_009_GetRequest_DataDriven_Customer</property>
  <property name="source">C:\\Users\\matthias.meier\\Katalon Studio\\RestTesting_CustomerAPI\\Test Cases\\TC_009_GetRequest_DataDriven_Customer.tc</property>
  <property name="tag"></property>
  <property name="isOptional">false</property>
</record>
<record>
  <date>2019-06-03T09:31:24</date>
  <millis>1559547084248</millis>
  <sequence>115</sequence>
  <level>INFO</level>
  <class>com.kms.katalon.core.logging.XmlKeywordLogger</class>
  <method>logMessage</method>
  <thread>1</thread>
  <message>CID = cust9554220</message>
  <nestedLevel>1</nestedLevel>
</record>
<record>
  <date>2019-06-03T09:31:24</date>
  <millis>1559547084250</millis>
  <sequence>116</sequence>
  <level>START</level>
  <class>com.kms.katalon.core.logging.XmlKeywordLogger</class>
  <method>startKeyword</method>
  <thread>1</thread>
  <message>Start action : Response = sendRequest(findTestObject(\&amp;quot;GETDataDrivenCustomer\&amp;quot;, [\&amp;quot;customerID\&amp;quot;:CID]))</message>
  <nestedLevel>1</nestedLevel>
  <property name="startLine">16</property>
  <property name="stepIndex">1</property>
</record>
<record>
  <date>2019-06-03T09:31:24</date>
  <millis>1559547084297</millis>
  <sequence>120</sequence>
  <level>INFO</level>
  <class>com.kms.katalon.core.logging.XmlKeywordLogger</class>
  <method>logMessage</method>
  <thread>1</thread>
  <message>HAR: C:\\Users\\matthias.meier\\Katalon Studio\\RestTesting_CustomerAPI\\Reports\\DataDriven_Excel\\20190603_093119\\requests\\main\\6.har</message>
  <nestedLevel>1</nestedLevel>
  <property name="harId">6a4723dd-baba-49ed-b9a5-68f6ec381a4e</property>
</record>
<record>
  <date>2019-06-03T09:31:24</date>
  <millis>1559547084300</millis>
  <sequence>121</sequence>
  <level>PASSED</level>
  <class>com.kms.katalon.core.logging.XmlKeywordLogger</class>
  <method>logMessage</method>
  <thread>1</thread>
  <message>Send request successfully</message>
  <nestedLevel>1</nestedLevel>
</record>
<record>
  <date>2019-06-03T09:31:24</date>
  <millis>1559547084300</millis>
  <sequence>122</sequence>
  <level>END</level>
  <class>com.kms.katalon.core.logging.XmlKeywordLogger</class>
  <method>endKeyword</method>
  <thread>1</thread>
  <message>End action : Response = sendRequest(findTestObject(\&amp;quot;GETDataDrivenCustomer\&amp;quot;, [\&amp;quot;customerID\&amp;quot;:CID]))</message>
  <nestedLevel>1</nestedLevel>
</record>
<record>
  <date>2019-06-03T09:31:24</date>
  <millis>1559547084301</millis>
  <sequence>123</sequence>
  <level>START</level>
  <class>com.kms.katalon.core.logging.XmlKeywordLogger</class>
  <method>startKeyword</method>
  <thread>1</thread>
  <message>Start action : println(Response.getResponseText())</message>
  <nestedLevel>1</nestedLevel>
  <property name="startLine">18</property>
  <property name="stepIndex">2</property>
</record>
<record>
  <date>2019-06-03T09:31:24</date>
  <millis>1559547084301</millis>
  <sequence>124</sequence>
  <level>END</level>
  <class>com.kms.katalon.core.logging.XmlKeywordLogger</class>
  <method>endKeyword</method>
  <thread>1</thread>
  <message>End action : println(Response.getResponseText())</message>
  <nestedLevel>1</nestedLevel>
</record>
<record>
  <date>2019-06-03T09:31:24</date>
  <millis>1559547084301</millis>
  <sequence>125</sequence>
  <level>START</level>
  <class>com.kms.katalon.core.logging.XmlKeywordLogger</class>
  <method>startKeyword</method>
  <thread>1</thread>
  <message>Start action : verifyResponseStatusCode(Response, 200)</message>
  <nestedLevel>1</nestedLevel>
  <property name="startLine">20</property>
  <property name="stepIndex">3</property>
</record>
<record>
  <date>2019-06-03T09:31:24</date>
  <millis>1559547084303</millis>
  <sequence>127</sequence>
  <level>PASSED</level>
  <class>com.kms.katalon.core.logging.XmlKeywordLogger</class>
  <method>logMessage</method>
  <thread>1</thread>
  <message>Verify response status code successfully</message>
  <nestedLevel>1</nestedLevel>
</record>
<record>
  <date>2019-06-03T09:31:24</date>
  <millis>1559547084303</millis>
  <sequence>128</sequence>
  <level>END</level>
  <class>com.kms.katalon.core.logging.XmlKeywordLogger</class>
  <method>endKeyword</method>
  <thread>1</thread>
  <message>End action : verifyResponseStatusCode(Response, 200)</message>
  <nestedLevel>1</nestedLevel>
</record>
<record>
  <date>2019-06-03T09:31:24</date>
  <millis>1559547084303</millis>
  <sequence>129</sequence>
  <level>PASSED</level>
  <class>com.kms.katalon.core.logging.XmlKeywordLogger</class>
  <method>logMessage</method>
  <thread>1</thread>
  <message>Test Cases/TC_009_GetRequest_DataDriven_Customer</message>
  <nestedLevel>1</nestedLevel>
</record>
<record>
  <date>2019-06-03T09:31:24</date>
  <millis>1559547084304</millis>
  <sequence>130</sequence>
  <level>END</level>
  <class>com.kms.katalon.core.logging.XmlKeywordLogger</class>
  <method>endTest</method>
  <thread>1</thread>
  <message>End Test Case : Test Cases/TC_009_GetRequest_DataDriven_Customer</message>
  <nestedLevel>0</nestedLevel>
</record>
<record>
  <date>2019-06-03T09:31:24</date>
  <millis>1559547084344</millis>
  <sequence>131</sequence>
  <level>END</level>
  <class>com.kms.katalon.core.logging.XmlKeywordLogger</class>
  <method>endSuite</method>
  <thread>1</thread>
  <message>End Test Suite : Test Suites/DataDriven_Excel</message>
  <nestedLevel>0</nestedLevel>
</record>
</log>